Using pre-set license
Built from '2020.3/staging' branch; Version is '2020.3.11f1 (99c7afb366b3) revision 10078127'; Using compiler version '192528614'; Build Type 'Release'
OS: 'Windows 10 Pro; OS build 19044.1348; Version 2009; 64bit' Language: 'en' Physical Memory: 16300 MB
BatchMode: 1, IsHumanControllingUs: 0, StartBugReporterOnCrash: 0, Is64bit: 1, IsPro: 0

 COMMAND LINE ARGUMENTS:
C:\Program Files\Unity\Hub\Editor\2020.3.11f1\Editor\Unity.exe
-adb2
-batchMode
-noUpm
-name
AssetImportWorker0
-projectPath
C:/Users/Jordan Lee Schrodt/Documents/Berserkers Rage
-logFile
Logs/AssetImportWorker0.log
-srvPort
53848
Successfully changed project path to: C:/Users/Jordan Lee Schrodt/Documents/Berserkers Rage
C:/Users/Jordan Lee Schrodt/Documents/Berserkers Rage
Using Asset Import Pipeline V2.
Refreshing native plugins compatible for Editor in 32.19 ms, found 2 plugins.
Preloading 0 native plugins for Editor in 0.00 ms.
Initialize engine version: 2020.3.11f1 (99c7afb366b3)
[Subsystems] Discovering subsystems at path C:/Program Files/Unity/Hub/Editor/2020.3.11f1/Editor/Data/Resources/UnitySubsystems
[Subsystems] Discovering subsystems at path C:/Users/Jordan Lee Schrodt/Documents/Berserkers Rage/Assets
GfxDevice: creating device client; threaded=0
Direct3D:
    Version:  Direct3D 11.0 [level 11.1]
    Renderer: NVIDIA GeForce GTX 1070 (ID=0x1b81)
    Vendor:   
    VRAM:     8088 MB
    Driver:   30.0.14.9709
Initialize mono
Mono path[0] = 'C:/Program Files/Unity/Hub/Editor/2020.3.11f1/Editor/Data/Managed'
Mono path[1] = 'C:/Program Files/Unity/Hub/Editor/2020.3.11f1/Editor/Data/MonoBleedingEdge/lib/mono/unityjit'
Mono config path = 'C:/Program Files/Unity/Hub/Editor/2020.3.11f1/Editor/Data/MonoBleedingEdge/etc'
Using monoOptions --debugger-agent=transport=dt_socket,embedding=1,server=y,suspend=n,address=127.0.0.1:56972
Begin MonoManager ReloadAssembly
Registering precompiled unity dll's ...
Register platform support module: C:/Program Files/Unity/Hub/Editor/2020.3.11f1/Editor/Data/PlaybackEngines/WindowsStandaloneSupport/UnityEditor.WindowsStandalone.Extensions.dll
Registered in 0.001904 seconds.
Native extension for WindowsStandalone target not found
Refreshing native plugins compatible for Editor in 31.64 ms, found 2 plugins.
Preloading 0 native plugins for Editor in 0.00 ms.
Mono: successfully reloaded assembly
- Completed reload, in  0.957 seconds
Platform modules already initialized, skipping
Registering precompiled user dll's ...
Registered in 0.004351 seconds.
Begin MonoManager ReloadAssembly
Native extension for WindowsStandalone target not found
Refreshing native plugins compatible for Editor in 30.95 ms, found 2 plugins.
Preloading 0 native plugins for Editor in 0.00 ms.
Mono: successfully reloaded assembly
- Completed reload, in  0.962 seconds
Platform modules already initialized, skipping
========================================================================
Worker process is ready to serve import requests
Launched and connected shader compiler UnityShaderCompiler.exe after 0.05 seconds
Refreshing native plugins compatible for Editor in 0.41 ms, found 2 plugins.
Preloading 0 native plugins for Editor in 0.00 ms.
Unloading 1845 Unused Serialized files (Serialized files now loaded: 0)
System memory in use before: 82.0 MB.
System memory in use after: 82.0 MB.

Unloading 22 unused Assets to reduce memory usage. Loaded Objects now: 2285.
Total: 2.085100 ms (FindLiveObjects: 0.192800 ms CreateObjectMapping: 0.042000 ms MarkObjects: 1.768200 ms  DeleteObjects: 0.081000 ms)

========================================================================
Received Import Request.
  path: Assets/Animations/Valharn.controller
  artifactKey: Guid(ebca123f142276b4393575742b3e1814) Importer(815301076,1909f56bfc062723c751e8b465ee728b)
Start importing Assets/Animations/Valharn.controller using Guid(ebca123f142276b4393575742b3e1814) Importer(815301076,1909f56bfc062723c751e8b465ee728b)  -> (artifact id: '44ecbbac42c6b3ec2365ab9acccb92a6') in 0.054988 seconds
  Import took 0.057936 seconds .

========================================================================
Received Import Request.
  Time since last request: 77.024383 seconds.
  path: Assets/Scripts/PlayerInfo.cs
  artifactKey: Guid(43ee500a3e8fbfc4b8d4957b91860dbe) Importer(815301076,1909f56bfc062723c751e8b465ee728b)
Start importing Assets/Scripts/PlayerInfo.cs using Guid(43ee500a3e8fbfc4b8d4957b91860dbe) Importer(815301076,1909f56bfc062723c751e8b465ee728b)  -> (artifact id: '66dd5dab9a3e153d45440feca36a1b7f') in 0.012427 seconds
  Import took 0.015512 seconds .

========================================================================
Received Import Request.
  Time since last request: 0.014583 seconds.
  path: Assets/Scripts/PlayerInfo.cs
  artifactKey: Guid(43ee500a3e8fbfc4b8d4957b91860dbe) Importer(815301076,1909f56bfc062723c751e8b465ee728b)
Start importing Assets/Scripts/PlayerInfo.cs using Guid(43ee500a3e8fbfc4b8d4957b91860dbe) Importer(815301076,1909f56bfc062723c751e8b465ee728b)  -> (artifact id: '66dd5dab9a3e153d45440feca36a1b7f') in 0.003954 seconds
  Import took 0.006930 seconds .

========================================================================
Received Import Request.
  Time since last request: 62.940199 seconds.
  path: Assets/Scripts/PlayerInfo.cs
  artifactKey: Guid(43ee500a3e8fbfc4b8d4957b91860dbe) Importer(815301076,1909f56bfc062723c751e8b465ee728b)
Start importing Assets/Scripts/PlayerInfo.cs using Guid(43ee500a3e8fbfc4b8d4957b91860dbe) Importer(815301076,1909f56bfc062723c751e8b465ee728b)  -> (artifact id: 'fdcf6dc8967c77d63b53502df2a58580') in 0.003902 seconds
  Import took 0.006934 seconds .

========================================================================
Received Import Request.
  Time since last request: 0.000819 seconds.
  path: Assets/Scripts/PlayerInfo.cs
  artifactKey: Guid(43ee500a3e8fbfc4b8d4957b91860dbe) Importer(815301076,1909f56bfc062723c751e8b465ee728b)
Start importing Assets/Scripts/PlayerInfo.cs using Guid(43ee500a3e8fbfc4b8d4957b91860dbe) Importer(815301076,1909f56bfc062723c751e8b465ee728b)  -> (artifact id: 'fdcf6dc8967c77d63b53502df2a58580') in 0.003752 seconds
  Import took 0.006398 seconds .

========================================================================
Received Prepare
Registering precompiled user dll's ...
Registered in 0.003871 seconds.
Begin MonoManager ReloadAssembly
Native extension for WindowsStandalone target not found
Refreshing native plugins compatible for Editor in 0.42 ms, found 2 plugins.
Preloading 0 native plugins for Editor in 0.00 ms.
Mono: successfully reloaded assembly
- Completed reload, in  0.876 seconds
Platform modules already initialized, skipping
Refreshing native plugins compatible for Editor in 0.47 ms, found 2 plugins.
Preloading 0 native plugins for Editor in 0.00 ms.
Unloading 1838 Unused Serialized files (Serialized files now loaded: 0)
System memory in use before: 82.0 MB.
System memory in use after: 82.0 MB.

Unloading 15 unused Assets to reduce memory usage. Loaded Objects now: 2288.
Total: 2.077600 ms (FindLiveObjects: 0.207500 ms CreateObjectMapping: 0.039500 ms MarkObjects: 1.767900 ms  DeleteObjects: 0.061600 ms)

========================================================================
Received Prepare
Registering precompiled user dll's ...
Registered in 0.003827 seconds.
Begin MonoManager ReloadAssembly
Native extension for WindowsStandalone target not found
Refreshing native plugins compatible for Editor in 0.43 ms, found 2 plugins.
Preloading 0 native plugins for Editor in 0.00 ms.
Mono: successfully reloaded assembly
- Completed reload, in  0.871 seconds
Platform modules already initialized, skipping
Refreshing native plugins compatible for Editor in 0.43 ms, found 2 plugins.
Preloading 0 native plugins for Editor in 0.00 ms.
Unloading 1838 Unused Serialized files (Serialized files now loaded: 0)
System memory in use before: 82.0 MB.
System memory in use after: 82.1 MB.

Unloading 15 unused Assets to reduce memory usage. Loaded Objects now: 2291.
Total: 2.658600 ms (FindLiveObjects: 0.258700 ms CreateObjectMapping: 0.045200 ms MarkObjects: 2.292000 ms  DeleteObjects: 0.061300 ms)

========================================================================
Received Prepare
Registering precompiled user dll's ...
Registered in 0.003914 seconds.
Begin MonoManager ReloadAssembly
Native extension for WindowsStandalone target not found
Refreshing native plugins compatible for Editor in 0.51 ms, found 2 plugins.
Preloading 0 native plugins for Editor in 0.00 ms.
Mono: successfully reloaded assembly
- Completed reload, in  0.861 seconds
Platform modules already initialized, skipping
Refreshing native plugins compatible for Editor in 0.46 ms, found 2 plugins.
Preloading 0 native plugins for Editor in 0.00 ms.
Unloading 1838 Unused Serialized files (Serialized files now loaded: 0)
System memory in use before: 82.0 MB.
System memory in use after: 82.1 MB.

Unloading 15 unused Assets to reduce memory usage. Loaded Objects now: 2294.
Total: 2.457400 ms (FindLiveObjects: 0.239500 ms CreateObjectMapping: 0.043100 ms MarkObjects: 2.111200 ms  DeleteObjects: 0.062000 ms)

========================================================================
Received Import Request.
  Time since last request: 205.232073 seconds.
  path: Assets/Scenes/Wave1.unity
  artifactKey: Guid(9fc0d4010bbf28b4594072e72b8655ab) Importer(815301076,1909f56bfc062723c751e8b465ee728b)
Start importing Assets/Scenes/Wave1.unity using Guid(9fc0d4010bbf28b4594072e72b8655ab) Importer(815301076,1909f56bfc062723c751e8b465ee728b)  -> (artifact id: '57cc0fccf61fedaf0b1938312a3913fa') in 0.016305 seconds
  Import took 0.019372 seconds .

========================================================================
Received Import Request.
  Time since last request: 30.438101 seconds.
  path: Assets/Prefabs/Valharn.prefab
  artifactKey: Guid(2553cec8fdb3eb643bbe9f2ec880c472) Importer(815301076,1909f56bfc062723c751e8b465ee728b)
Start importing Assets/Prefabs/Valharn.prefab using Guid(2553cec8fdb3eb643bbe9f2ec880c472) Importer(815301076,1909f56bfc062723c751e8b465ee728b)  -> (artifact id: '56f853d3a1a5e3b2235627e3b4b0d8be') in 0.118725 seconds
  Import took 0.122900 seconds .

========================================================================
Received Import Request.
  Time since last request: 1.224004 seconds.
  path: Assets/Prefabs/Valharn.prefab
  artifactKey: Guid(2553cec8fdb3eb643bbe9f2ec880c472) Importer(815301076,1909f56bfc062723c751e8b465ee728b)
Start importing Assets/Prefabs/Valharn.prefab using Guid(2553cec8fdb3eb643bbe9f2ec880c472) Importer(815301076,1909f56bfc062723c751e8b465ee728b)  -> (artifact id: '87d37e44a899a2e2d81b51c6e4e4d517') in 0.042577 seconds
  Import took 0.046153 seconds .

========================================================================
Received Import Request.
  Time since last request: 3.181367 seconds.
  path: Assets/Prefabs/Valharn.prefab
  artifactKey: Guid(2553cec8fdb3eb643bbe9f2ec880c472) Importer(815301076,1909f56bfc062723c751e8b465ee728b)
Start importing Assets/Prefabs/Valharn.prefab using Guid(2553cec8fdb3eb643bbe9f2ec880c472) Importer(815301076,1909f56bfc062723c751e8b465ee728b)  -> (artifact id: 'b01914ba3df821a55436b31b5f728d28') in 0.032036 seconds
  Import took 0.035514 seconds .

========================================================================
Received Import Request.
  Time since last request: 2.985303 seconds.
  path: Assets/Prefabs/Valharn.prefab
  artifactKey: Guid(2553cec8fdb3eb643bbe9f2ec880c472) Importer(815301076,1909f56bfc062723c751e8b465ee728b)
Start importing Assets/Prefabs/Valharn.prefab using Guid(2553cec8fdb3eb643bbe9f2ec880c472) Importer(815301076,1909f56bfc062723c751e8b465ee728b)  -> (artifact id: 'd610087f7583b2a297623e2d7128e43c') in 0.033854 seconds
  Import took 0.037496 seconds .

========================================================================
Received Import Request.
  Time since last request: 2.180372 seconds.
  path: Assets/Prefabs/Valharn.prefab
  artifactKey: Guid(2553cec8fdb3eb643bbe9f2ec880c472) Importer(815301076,1909f56bfc062723c751e8b465ee728b)
Start importing Assets/Prefabs/Valharn.prefab using Guid(2553cec8fdb3eb643bbe9f2ec880c472) Importer(815301076,1909f56bfc062723c751e8b465ee728b)  -> (artifact id: '7cffe86bac0297a680b02f80919ea014') in 0.032400 seconds
  Import took 0.035918 seconds .

========================================================================
Received Import Request.
  Time since last request: 5.804672 seconds.
  path: Assets/Prefabs/Valharn.prefab
  artifactKey: Guid(2553cec8fdb3eb643bbe9f2ec880c472) Importer(815301076,1909f56bfc062723c751e8b465ee728b)
Start importing Assets/Prefabs/Valharn.prefab using Guid(2553cec8fdb3eb643bbe9f2ec880c472) Importer(815301076,1909f56bfc062723c751e8b465ee728b)  -> (artifact id: '1c30ef4734d3c866842af77fd20ed059') in 0.030682 seconds
  Import took 0.034288 seconds .

========================================================================
Received Import Request.
  Time since last request: 10.831535 seconds.
  path: Assets/Prefabs/Valharn.prefab
  artifactKey: Guid(2553cec8fdb3eb643bbe9f2ec880c472) Importer(815301076,1909f56bfc062723c751e8b465ee728b)
Start importing Assets/Prefabs/Valharn.prefab using Guid(2553cec8fdb3eb643bbe9f2ec880c472) Importer(815301076,1909f56bfc062723c751e8b465ee728b)  -> (artifact id: '7d4f9765f1da1745dc5dbf8e95c9b738') in 0.033561 seconds
  Import took 0.037377 seconds .

========================================================================
Received Prepare
Registering precompiled user dll's ...
Registered in 0.003944 seconds.
Begin MonoManager ReloadAssembly
Native extension for WindowsStandalone target not found
Refreshing native plugins compatible for Editor in 0.44 ms, found 2 plugins.
Preloading 0 native plugins for Editor in 0.00 ms.
Mono: successfully reloaded assembly
- Completed reload, in  0.865 seconds
Platform modules already initialized, skipping
Refreshing native plugins compatible for Editor in 0.48 ms, found 2 plugins.
Preloading 0 native plugins for Editor in 0.00 ms.
Unloading 1838 Unused Serialized files (Serialized files now loaded: 0)
System memory in use before: 98.9 MB.
System memory in use after: 98.9 MB.

Unloading 15 unused Assets to reduce memory usage. Loaded Objects now: 2306.
Total: 2.566900 ms (FindLiveObjects: 0.205000 ms CreateObjectMapping: 0.041900 ms MarkObjects: 2.253600 ms  DeleteObjects: 0.064800 ms)

========================================================================
Received Import Request.
  Time since last request: 64.387897 seconds.
  path: Assets/Scenes/Wave2.unity
  artifactKey: Guid(4f1d090e0899a5f4bb85fd53d425642d) Importer(815301076,1909f56bfc062723c751e8b465ee728b)
Start importing Assets/Scenes/Wave2.unity using Guid(4f1d090e0899a5f4bb85fd53d425642d) Importer(815301076,1909f56bfc062723c751e8b465ee728b)  -> (artifact id: '4578934583cdfd2d2dd87c1b2eb198b4') in 0.017469 seconds
  Import took 0.020827 seconds .

========================================================================
Received Import Request.
  Time since last request: 11.991141 seconds.
  path: Assets/Scenes/Wave2.unity
  artifactKey: Guid(4f1d090e0899a5f4bb85fd53d425642d) Importer(815301076,1909f56bfc062723c751e8b465ee728b)
Start importing Assets/Scenes/Wave2.unity using Guid(4f1d090e0899a5f4bb85fd53d425642d) Importer(815301076,1909f56bfc062723c751e8b465ee728b)  -> (artifact id: '7e8dbf1741058654b6ec4aaa609054ea') in 0.003211 seconds
  Import took 0.006530 seconds .

========================================================================
Received Import Request.
  Time since last request: 10.590314 seconds.
  path: Assets/Scenes/Wave2.unity
  artifactKey: Guid(4f1d090e0899a5f4bb85fd53d425642d) Importer(815301076,1909f56bfc062723c751e8b465ee728b)
Start importing Assets/Scenes/Wave2.unity using Guid(4f1d090e0899a5f4bb85fd53d425642d) Importer(815301076,1909f56bfc062723c751e8b465ee728b)  -> (artifact id: 'b3d95650ddaf74a68bf3e017522e8523') in 0.003481 seconds
  Import took 0.006517 seconds .

========================================================================
Received Import Request.
  Time since last request: 9.497559 seconds.
  path: Assets/Scenes/Wave2.unity
  artifactKey: Guid(4f1d090e0899a5f4bb85fd53d425642d) Importer(815301076,1909f56bfc062723c751e8b465ee728b)
Start importing Assets/Scenes/Wave2.unity using Guid(4f1d090e0899a5f4bb85fd53d425642d) Importer(815301076,1909f56bfc062723c751e8b465ee728b)  -> (artifact id: 'fc4f92a4f46ddf4a08e7fece9de032b7') in 0.003723 seconds
  Import took 0.006649 seconds .

========================================================================
Received Import Request.
  Time since last request: 51.201156 seconds.
  path: Assets/Animations/Valharn.controller
  artifactKey: Guid(ebca123f142276b4393575742b3e1814) Importer(815301076,1909f56bfc062723c751e8b465ee728b)
Start importing Assets/Animations/Valharn.controller using Guid(ebca123f142276b4393575742b3e1814) Importer(815301076,1909f56bfc062723c751e8b465ee728b)  -> (artifact id: 'fd92e2be50a5801b096dd74d5f9db897') in 0.021092 seconds
  Import took 0.024201 seconds .

========================================================================
Received Prepare
Registering precompiled user dll's ...
Registered in 0.003937 seconds.
Begin MonoManager ReloadAssembly
Native extension for WindowsStandalone target not found
Refreshing native plugins compatible for Editor in 0.43 ms, found 2 plugins.
Preloading 0 native plugins for Editor in 0.00 ms.
Mono: successfully reloaded assembly
- Completed reload, in  0.853 seconds
Platform modules already initialized, skipping
Refreshing native plugins compatible for Editor in 0.44 ms, found 2 plugins.
Preloading 0 native plugins for Editor in 0.00 ms.
Unloading 1838 Unused Serialized files (Serialized files now loaded: 0)
System memory in use before: 98.9 MB.
System memory in use after: 99.0 MB.

Unloading 15 unused Assets to reduce memory usage. Loaded Objects now: 2309.
Total: 2.138400 ms (FindLiveObjects: 0.218800 ms CreateObjectMapping: 0.040600 ms MarkObjects: 1.819500 ms  DeleteObjects: 0.058200 ms)

========================================================================
Received Import Request.
  Time since last request: 71.721831 seconds.
  path: Assets/Scenes/Wave3.unity
  artifactKey: Guid(3c43c7db5eeba404d814eb1d1d255e20) Importer(815301076,1909f56bfc062723c751e8b465ee728b)
Start importing Assets/Scenes/Wave3.unity using Guid(3c43c7db5eeba404d814eb1d1d255e20) Importer(815301076,1909f56bfc062723c751e8b465ee728b)  -> (artifact id: '63253f9167a10f7e6238a2a3954bee9d') in 0.017478 seconds
  Import took 0.020561 seconds .

========================================================================
Received Import Request.
  Time since last request: 4.340718 seconds.
  path: Assets/Scenes/Wave2.unity
  artifactKey: Guid(4f1d090e0899a5f4bb85fd53d425642d) Importer(815301076,1909f56bfc062723c751e8b465ee728b)
Start importing Assets/Scenes/Wave2.unity using Guid(4f1d090e0899a5f4bb85fd53d425642d) Importer(815301076,1909f56bfc062723c751e8b465ee728b)  -> (artifact id: '550999832b0ce76e57db5df88425938d') in 0.003753 seconds
  Import took 0.006796 seconds .

========================================================================
Received Import Request.
  Time since last request: 9.721912 seconds.
  path: Assets/Scenes/Wave3.unity
  artifactKey: Guid(3c43c7db5eeba404d814eb1d1d255e20) Importer(815301076,1909f56bfc062723c751e8b465ee728b)
Start importing Assets/Scenes/Wave3.unity using Guid(3c43c7db5eeba404d814eb1d1d255e20) Importer(815301076,1909f56bfc062723c751e8b465ee728b)  -> (artifact id: 'c1fabefbad1c835c631d9933430574f5') in 0.003583 seconds
  Import took 0.006772 seconds .

========================================================================
Received Import Request.
  Time since last request: 5.943416 seconds.
  path: Assets/Scenes/Wave3.unity
  artifactKey: Guid(3c43c7db5eeba404d814eb1d1d255e20) Importer(815301076,1909f56bfc062723c751e8b465ee728b)
Start importing Assets/Scenes/Wave3.unity using Guid(3c43c7db5eeba404d814eb1d1d255e20) Importer(815301076,1909f56bfc062723c751e8b465ee728b)  -> (artifact id: 'c76f3f5000394cd645a494531c4f4c96') in 0.003340 seconds
  Import took 0.006400 seconds .

========================================================================
Received Prepare
Registering precompiled user dll's ...
Registered in 0.004090 seconds.
Begin MonoManager ReloadAssembly
Native extension for WindowsStandalone target not found
Refreshing native plugins compatible for Editor in 0.44 ms, found 2 plugins.
Preloading 0 native plugins for Editor in 0.00 ms.
Mono: successfully reloaded assembly
- Completed reload, in  0.854 seconds
Platform modules already initialized, skipping
Refreshing native plugins compatible for Editor in 0.47 ms, found 2 plugins.
Preloading 0 native plugins for Editor in 0.00 ms.
Unloading 1838 Unused Serialized files (Serialized files now loaded: 0)
System memory in use before: 98.9 MB.
System memory in use after: 99.0 MB.

Unloading 15 unused Assets to reduce memory usage. Loaded Objects now: 2312.
Total: 2.214300 ms (FindLiveObjects: 0.280700 ms CreateObjectMapping: 0.129600 ms MarkObjects: 1.733000 ms  DeleteObjects: 0.070000 ms)

========================================================================
Received Prepare
Registering precompiled user dll's ...
Registered in 0.003880 seconds.
Begin MonoManager ReloadAssembly
Native extension for WindowsStandalone target not found
Refreshing native plugins compatible for Editor in 0.44 ms, found 2 plugins.
Preloading 0 native plugins for Editor in 0.00 ms.
Mono: successfully reloaded assembly
- Completed reload, in  0.873 seconds
Platform modules already initialized, skipping
Refreshing native plugins compatible for Editor in 0.46 ms, found 2 plugins.
Preloading 0 native plugins for Editor in 0.00 ms.
Unloading 1838 Unused Serialized files (Serialized files now loaded: 0)
System memory in use before: 98.9 MB.
System memory in use after: 99.0 MB.

Unloading 15 unused Assets to reduce memory usage. Loaded Objects now: 2315.
Total: 2.556200 ms (FindLiveObjects: 0.302200 ms CreateObjectMapping: 0.046600 ms MarkObjects: 2.102900 ms  DeleteObjects: 0.102400 ms)

========================================================================
Received Prepare
Registering precompiled user dll's ...
Registered in 0.003949 seconds.
Begin MonoManager ReloadAssembly
Native extension for WindowsStandalone target not found
Refreshing native plugins compatible for Editor in 0.43 ms, found 2 plugins.
Preloading 0 native plugins for Editor in 0.00 ms.
Mono: successfully reloaded assembly
- Completed reload, in  0.869 seconds
Platform modules already initialized, skipping
Refreshing native plugins compatible for Editor in 0.43 ms, found 2 plugins.
Preloading 0 native plugins for Editor in 0.00 ms.
Unloading 1838 Unused Serialized files (Serialized files now loaded: 0)
System memory in use before: 98.9 MB.
System memory in use after: 99.0 MB.

Unloading 15 unused Assets to reduce memory usage. Loaded Objects now: 2318.
Total: 2.030100 ms (FindLiveObjects: 0.197200 ms CreateObjectMapping: 0.042300 ms MarkObjects: 1.731200 ms  DeleteObjects: 0.058300 ms)

========================================================================
Received Import Request.
  Time since last request: 592.287730 seconds.
  path: Assets/Prefabs/Valharn.prefab
  artifactKey: Guid(2553cec8fdb3eb643bbe9f2ec880c472) Importer(815301076,1909f56bfc062723c751e8b465ee728b)
Start importing Assets/Prefabs/Valharn.prefab using Guid(2553cec8fdb3eb643bbe9f2ec880c472) Importer(815301076,1909f56bfc062723c751e8b465ee728b)  -> (artifact id: '688da0d80f0e8f56d9f8e42e52b4ee5f') in 0.085950 seconds
  Import took 0.089752 seconds .

========================================================================
Received Prepare
Registering precompiled user dll's ...
Registered in 0.004920 seconds.
Begin MonoManager ReloadAssembly
Native extension for WindowsStandalone target not found
Refreshing native plugins compatible for Editor in 0.44 ms, found 2 plugins.
Preloading 0 native plugins for Editor in 0.00 ms.
Mono: successfully reloaded assembly
- Completed reload, in  0.847 seconds
Platform modules already initialized, skipping
Refreshing native plugins compatible for Editor in 0.43 ms, found 2 plugins.
Preloading 0 native plugins for Editor in 0.00 ms.
Unloading 1838 Unused Serialized files (Serialized files now loaded: 0)
System memory in use before: 99.0 MB.
System memory in use after: 99.1 MB.

Unloading 15 unused Assets to reduce memory usage. Loaded Objects now: 2322.
Total: 2.135000 ms (FindLiveObjects: 0.214000 ms CreateObjectMapping: 0.047600 ms MarkObjects: 1.816300 ms  DeleteObjects: 0.056000 ms)

========================================================================
Received Prepare
Registering precompiled user dll's ...
Registered in 0.003996 seconds.
Begin MonoManager ReloadAssembly
Native extension for WindowsStandalone target not found
Refreshing native plugins compatible for Editor in 0.46 ms, found 2 plugins.
Preloading 0 native plugins for Editor in 0.00 ms.
Mono: successfully reloaded assembly
- Completed reload, in  0.846 seconds
Platform modules already initialized, skipping
Refreshing native plugins compatible for Editor in 0.46 ms, found 2 plugins.
Preloading 0 native plugins for Editor in 0.00 ms.
Unloading 1838 Unused Serialized files (Serialized files now loaded: 0)
System memory in use before: 99.0 MB.
System memory in use after: 99.1 MB.

Unloading 15 unused Assets to reduce memory usage. Loaded Objects now: 2325.
Total: 2.188100 ms (FindLiveObjects: 0.215900 ms CreateObjectMapping: 0.052200 ms MarkObjects: 1.855600 ms  DeleteObjects: 0.062900 ms)

========================================================================
Received Import Request.
  Time since last request: 55.344855 seconds.
  path: Assets/Prefabs/Valharn.prefab
  artifactKey: Guid(2553cec8fdb3eb643bbe9f2ec880c472) Importer(815301076,1909f56bfc062723c751e8b465ee728b)
Start importing Assets/Prefabs/Valharn.prefab using Guid(2553cec8fdb3eb643bbe9f2ec880c472) Importer(815301076,1909f56bfc062723c751e8b465ee728b)  -> (artifact id: 'fc90039d32acc0a3d29eede041fdde1e') in 0.086353 seconds
  Import took 0.089688 seconds .

========================================================================
Received Import Request.
  Time since last request: 66.210690 seconds.
  path: Assets/Prefabs/Valharn.prefab
  artifactKey: Guid(2553cec8fdb3eb643bbe9f2ec880c472) Importer(815301076,1909f56bfc062723c751e8b465ee728b)
Start importing Assets/Prefabs/Valharn.prefab using Guid(2553cec8fdb3eb643bbe9f2ec880c472) Importer(815301076,1909f56bfc062723c751e8b465ee728b)  -> (artifact id: '85edaa8855411031b9ac31fdc2e46275') in 0.030516 seconds
  Import took 0.034083 seconds .

========================================================================
Received Prepare
Registering precompiled user dll's ...
Registered in 0.003935 seconds.
Begin MonoManager ReloadAssembly
Native extension for WindowsStandalone target not found
Refreshing native plugins compatible for Editor in 0.43 ms, found 2 plugins.
Preloading 0 native plugins for Editor in 0.00 ms.
Mono: successfully reloaded assembly
- Completed reload, in  0.876 seconds
Platform modules already initialized, skipping
Refreshing native plugins compatible for Editor in 0.47 ms, found 2 plugins.
Preloading 0 native plugins for Editor in 0.00 ms.
Unloading 1838 Unused Serialized files (Serialized files now loaded: 0)
System memory in use before: 99.0 MB.
System memory in use after: 99.1 MB.

Unloading 15 unused Assets to reduce memory usage. Loaded Objects now: 2329.
Total: 2.513000 ms (FindLiveObjects: 0.230500 ms CreateObjectMapping: 0.044600 ms MarkObjects: 2.177000 ms  DeleteObjects: 0.059600 ms)

========================================================================
Received Import Request.
  Time since last request: 58.113453 seconds.
  path: Assets/Prefabs/Valharn.prefab
  artifactKey: Guid(2553cec8fdb3eb643bbe9f2ec880c472) Importer(815301076,1909f56bfc062723c751e8b465ee728b)
Start importing Assets/Prefabs/Valharn.prefab using Guid(2553cec8fdb3eb643bbe9f2ec880c472) Importer(815301076,1909f56bfc062723c751e8b465ee728b)  -> (artifact id: 'af32d5cdef566e6ccfc52b8de3d33382') in 0.081509 seconds
  Import took 0.085150 seconds .

========================================================================
Received Prepare
Registering precompiled user dll's ...
Registered in 0.004180 seconds.
Begin MonoManager ReloadAssembly
Native extension for WindowsStandalone target not found
Refreshing native plugins compatible for Editor in 0.45 ms, found 2 plugins.
Preloading 0 native plugins for Editor in 0.00 ms.
Mono: successfully reloaded assembly
- Completed reload, in  0.870 seconds
Platform modules already initialized, skipping
Refreshing native plugins compatible for Editor in 0.73 ms, found 2 plugins.
Preloading 0 native plugins for Editor in 0.00 ms.
Unloading 1838 Unused Serialized files (Serialized files now loaded: 0)
System memory in use before: 99.0 MB.
System memory in use after: 99.1 MB.

Unloading 15 unused Assets to reduce memory usage. Loaded Objects now: 2333.
Total: 2.214200 ms (FindLiveObjects: 0.264100 ms CreateObjectMapping: 0.044400 ms MarkObjects: 1.838100 ms  DeleteObjects: 0.065600 ms)

========================================================================
Received Prepare
Registering precompiled user dll's ...
Registered in 0.003841 seconds.
Begin MonoManager ReloadAssembly
Native extension for WindowsStandalone target not found
Refreshing native plugins compatible for Editor in 0.48 ms, found 2 plugins.
Preloading 0 native plugins for Editor in 0.00 ms.
Mono: successfully reloaded assembly
- Completed reload, in  0.946 seconds
Platform modules already initialized, skipping
Refreshing native plugins compatible for Editor in 0.62 ms, found 2 plugins.
Preloading 0 native plugins for Editor in 0.00 ms.
Unloading 1838 Unused Serialized files (Serialized files now loaded: 0)
System memory in use before: 99.0 MB.
System memory in use after: 99.1 MB.

Unloading 15 unused Assets to reduce memory usage. Loaded Objects now: 2336.
Total: 2.099100 ms (FindLiveObjects: 0.205100 ms CreateObjectMapping: 0.044800 ms MarkObjects: 1.787300 ms  DeleteObjects: 0.061000 ms)

========================================================================
Received Import Request.
  Time since last request: 155.037408 seconds.
  path: Assets/Prefabs/Valharn.prefab
  artifactKey: Guid(2553cec8fdb3eb643bbe9f2ec880c472) Importer(815301076,1909f56bfc062723c751e8b465ee728b)
Start importing Assets/Prefabs/Valharn.prefab using Guid(2553cec8fdb3eb643bbe9f2ec880c472) Importer(815301076,1909f56bfc062723c751e8b465ee728b)  -> (artifact id: '81cc5928d8857d6056d5939d44c32844') in 0.083200 seconds
  Import took 0.087017 seconds .

========================================================================
Received Prepare
Registering precompiled user dll's ...
Registered in 0.004376 seconds.
Begin MonoManager ReloadAssembly
Native extension for WindowsStandalone target not found
Refreshing native plugins compatible for Editor in 0.52 ms, found 2 plugins.
Preloading 0 native plugins for Editor in 0.00 ms.
Mono: successfully reloaded assembly
- Completed reload, in  0.859 seconds
Platform modules already initialized, skipping
Refreshing native plugins compatible for Editor in 0.62 ms, found 2 plugins.
Preloading 0 native plugins for Editor in 0.00 ms.
Unloading 1838 Unused Serialized files (Serialized files now loaded: 0)
System memory in use before: 99.0 MB.
System memory in use after: 99.1 MB.

Unloading 15 unused Assets to reduce memory usage. Loaded Objects now: 2340.
Total: 2.695700 ms (FindLiveObjects: 0.260500 ms CreateObjectMapping: 0.045000 ms MarkObjects: 2.316500 ms  DeleteObjects: 0.071600 ms)

========================================================================
Received Import Request.
  Time since last request: 46.418697 seconds.
  path: Assets/Prefabs/Valharn.prefab
  artifactKey: Guid(2553cec8fdb3eb643bbe9f2ec880c472) Importer(815301076,1909f56bfc062723c751e8b465ee728b)
Start importing Assets/Prefabs/Valharn.prefab using Guid(2553cec8fdb3eb643bbe9f2ec880c472) Importer(815301076,1909f56bfc062723c751e8b465ee728b)  -> (artifact id: '8d762dfb58736d9750af17562c0f4756') in 0.086550 seconds
  Import took 0.090263 seconds .

========================================================================
Received Import Request.
  Time since last request: 0.619587 seconds.
  path: Assets/Prefabs/Valharn.prefab
  artifactKey: Guid(2553cec8fdb3eb643bbe9f2ec880c472) Importer(815301076,1909f56bfc062723c751e8b465ee728b)
Start importing Assets/Prefabs/Valharn.prefab using Guid(2553cec8fdb3eb643bbe9f2ec880c472) Importer(815301076,1909f56bfc062723c751e8b465ee728b)  -> (artifact id: '3c4bc37ca1876ec02efd46b7b478fc78') in 0.031556 seconds
  Import took 0.035264 seconds .

========================================================================
Received Prepare
Registering precompiled user dll's ...
Registered in 0.003924 seconds.
Begin MonoManager ReloadAssembly
Native extension for WindowsStandalone target not found
Refreshing native plugins compatible for Editor in 0.46 ms, found 2 plugins.
Preloading 0 native plugins for Editor in 0.00 ms.
Mono: successfully reloaded assembly
- Completed reload, in  0.936 seconds
Platform modules already initialized, skipping
Refreshing native plugins compatible for Editor in 0.46 ms, found 2 plugins.
Preloading 0 native plugins for Editor in 0.00 ms.
Unloading 1838 Unused Serialized files (Serialized files now loaded: 0)
System memory in use before: 99.0 MB.
System memory in use after: 99.1 MB.

Unloading 15 unused Assets to reduce memory usage. Loaded Objects now: 2344.
Total: 2.404200 ms (FindLiveObjects: 0.253700 ms CreateObjectMapping: 0.042500 ms MarkObjects: 2.016600 ms  DeleteObjects: 0.090300 ms)

========================================================================
Received Import Request.
  Time since last request: 90.044057 seconds.
  path: Assets/Scenes/Menu
  artifactKey: Guid(96d727373364f5042a29cf9104909d57) Importer(815301076,1909f56bfc062723c751e8b465ee728b)
Start importing Assets/Scenes/Menu using Guid(96d727373364f5042a29cf9104909d57) Importer(815301076,1909f56bfc062723c751e8b465ee728b)  -> (artifact id: 'c1365a3fc41e994e1fa264bf560621ba') in 0.010998 seconds
  Import took 0.014282 seconds .

========================================================================
Received Import Request.
  Time since last request: 0.024723 seconds.
  path: Assets/Scenes/Menu/LightingData.asset
  artifactKey: Guid(8115d0318422e4c4e975c2eb715f7a45) Importer(815301076,1909f56bfc062723c751e8b465ee728b)
Start importing Assets/Scenes/Menu/LightingData.asset using Guid(8115d0318422e4c4e975c2eb715f7a45) Importer(815301076,1909f56bfc062723c751e8b465ee728b)  -> (artifact id: '53698012206ff5a61bc32fdd4a3ea0b4') in 0.017252 seconds
  Import took 0.020157 seconds .

========================================================================
Received Import Request.
  Time since last request: 0.000198 seconds.
  path: Assets/Scenes/Menu/ReflectionProbe-0.exr
  artifactKey: Guid(6f130fff2eab253468dc92f3a5f90675) Importer(815301076,1909f56bfc062723c751e8b465ee728b)
Start importing Assets/Scenes/Menu/ReflectionProbe-0.exr using Guid(6f130fff2eab253468dc92f3a5f90675) Importer(815301076,1909f56bfc062723c751e8b465ee728b)  -> (artifact id: '1d1ae4c11b9ffd6180a7742f811520cf') in 0.047789 seconds
  Import took 0.050823 seconds .

========================================================================
Received Import Request.
  Time since last request: 157.684189 seconds.
  path: Assets/Scenes/Wave1.unity
  artifactKey: Guid(9fc0d4010bbf28b4594072e72b8655ab) Importer(815301076,1909f56bfc062723c751e8b465ee728b)
Start importing Assets/Scenes/Wave1.unity using Guid(9fc0d4010bbf28b4594072e72b8655ab) Importer(815301076,1909f56bfc062723c751e8b465ee728b)  -> (artifact id: '9b1dc95bc7924b636f6799b829069849') in 0.003440 seconds
  Import took 0.006824 seconds .

========================================================================
Received Prepare
Registering precompiled user dll's ...
Registered in 0.003943 seconds.
Begin MonoManager ReloadAssembly
Native extension for WindowsStandalone target not found
Refreshing native plugins compatible for Editor in 0.45 ms, found 2 plugins.
Preloading 0 native plugins for Editor in 0.00 ms.
Mono: successfully reloaded assembly
- Completed reload, in  0.880 seconds
Platform modules already initialized, skipping
Refreshing native plugins compatible for Editor in 0.43 ms, found 2 plugins.
Preloading 0 native plugins for Editor in 0.00 ms.
Unloading 1838 Unused Serialized files (Serialized files now loaded: 0)
System memory in use before: 99.3 MB.
System memory in use after: 99.4 MB.

Unloading 15 unused Assets to reduce memory usage. Loaded Objects now: 2373.
Total: 2.223100 ms (FindLiveObjects: 0.250600 ms CreateObjectMapping: 0.045200 ms MarkObjects: 1.864800 ms  DeleteObjects: 0.061200 ms)

========================================================================
Received Prepare
Registering precompiled user dll's ...
Registered in 0.004085 seconds.
Begin MonoManager ReloadAssembly
Native extension for WindowsStandalone target not found
Refreshing native plugins compatible for Editor in 0.49 ms, found 2 plugins.
Preloading 0 native plugins for Editor in 0.00 ms.
Mono: successfully reloaded assembly
- Completed reload, in  0.959 seconds
Platform modules already initialized, skipping
Refreshing native plugins compatible for Editor in 0.50 ms, found 2 plugins.
Preloading 0 native plugins for Editor in 0.00 ms.
Unloading 1838 Unused Serialized files (Serialized files now loaded: 0)
System memory in use before: 99.3 MB.
System memory in use after: 99.4 MB.

Unloading 15 unused Assets to reduce memory usage. Loaded Objects now: 2376.
Total: 2.618100 ms (FindLiveObjects: 0.264700 ms CreateObjectMapping: 0.045300 ms MarkObjects: 2.196900 ms  DeleteObjects: 0.109700 ms)

========================================================================
Received Import Request.
  Time since last request: 41.321418 seconds.
  path: Assets/Prefabs/Valharn.prefab
  artifactKey: Guid(2553cec8fdb3eb643bbe9f2ec880c472) Importer(815301076,1909f56bfc062723c751e8b465ee728b)
Start importing Assets/Prefabs/Valharn.prefab using Guid(2553cec8fdb3eb643bbe9f2ec880c472) Importer(815301076,1909f56bfc062723c751e8b465ee728b)  -> (artifact id: 'f66c5aed12924cc3b1cba925a062b542') in 0.096768 seconds
  Import took 0.101205 seconds .

========================================================================
Received Prepare
Registering precompiled user dll's ...
Registered in 0.004346 seconds.
Begin MonoManager ReloadAssembly
Native extension for WindowsStandalone target not found
Refreshing native plugins compatible for Editor in 0.44 ms, found 2 plugins.
Preloading 0 native plugins for Editor in 0.00 ms.
Mono: successfully reloaded assembly
- Completed reload, in  0.858 seconds
Platform modules already initialized, skipping
Refreshing native plugins compatible for Editor in 0.43 ms, found 2 plugins.
Preloading 0 native plugins for Editor in 0.00 ms.
Unloading 1837 Unused Serialized files (Serialized files now loaded: 0)
System memory in use before: 99.3 MB.
System memory in use after: 99.4 MB.

Unloading 16 unused Assets to reduce memory usage. Loaded Objects now: 2379.
Total: 2.266100 ms (FindLiveObjects: 0.212500 ms CreateObjectMapping: 0.048100 ms MarkObjects: 1.939100 ms  DeleteObjects: 0.065300 ms)

========================================================================
Received Import Request.
  Time since last request: 99.044213 seconds.
  path: Assets/Scripts/MeleeAttack.cs
  artifactKey: Guid(f3d70c4deb589244a8e28eabe58f85bb) Importer(815301076,1909f56bfc062723c751e8b465ee728b)
Start importing Assets/Scripts/MeleeAttack.cs using Guid(f3d70c4deb589244a8e28eabe58f85bb) Importer(815301076,1909f56bfc062723c751e8b465ee728b)  -> (artifact id: '807f3fe9d1173af6e228ddff9f7e3da4') in 0.011207 seconds
  Import took 0.014395 seconds .

========================================================================
Received Import Request.
  Time since last request: 0.000377 seconds.
  path: Assets/Scripts/MeleeAttack.cs
  artifactKey: Guid(f3d70c4deb589244a8e28eabe58f85bb) Importer(815301076,1909f56bfc062723c751e8b465ee728b)
Start importing Assets/Scripts/MeleeAttack.cs using Guid(f3d70c4deb589244a8e28eabe58f85bb) Importer(815301076,1909f56bfc062723c751e8b465ee728b)  -> (artifact id: '807f3fe9d1173af6e228ddff9f7e3da4') in 0.002625 seconds
  Import took 0.005443 seconds .

========================================================================
Received Import Request.
  Time since last request: 1.127086 seconds.
  path: Assets/Scripts/PlayButton.cs
  artifactKey: Guid(1039354399c2eb94ea64bc5e2e3a98c0) Importer(815301076,1909f56bfc062723c751e8b465ee728b)
Start importing Assets/Scripts/PlayButton.cs using Guid(1039354399c2eb94ea64bc5e2e3a98c0) Importer(815301076,1909f56bfc062723c751e8b465ee728b)  -> (artifact id: 'e2ca4fd58016b1332395640135e07e00') in 0.007053 seconds
  Import took 0.010274 seconds .

========================================================================
Received Import Request.
  Time since last request: 174.292702 seconds.
  path: Assets/Scripts/VisibleCursor.cs
  artifactKey: Guid(d67007f5e7e12074083fe7687883067b) Importer(815301076,1909f56bfc062723c751e8b465ee728b)
Start importing Assets/Scripts/VisibleCursor.cs using Guid(d67007f5e7e12074083fe7687883067b) Importer(815301076,1909f56bfc062723c751e8b465ee728b)  -> (artifact id: '27aedd189f457bf9aac33e04caa416b3') in 0.008714 seconds
  Import took 0.012574 seconds .

========================================================================
Received Prepare
Registering precompiled user dll's ...
Registered in 0.003948 seconds.
Begin MonoManager ReloadAssembly
Native extension for WindowsStandalone target not found
Refreshing native plugins compatible for Editor in 0.42 ms, found 2 plugins.
Preloading 0 native plugins for Editor in 0.00 ms.
Mono: successfully reloaded assembly
- Completed reload, in  0.871 seconds
Platform modules already initialized, skipping
Refreshing native plugins compatible for Editor in 0.43 ms, found 2 plugins.
Preloading 0 native plugins for Editor in 0.00 ms.
Unloading 1838 Unused Serialized files (Serialized files now loaded: 0)
System memory in use before: 99.3 MB.
System memory in use after: 99.4 MB.

Unloading 15 unused Assets to reduce memory usage. Loaded Objects now: 2383.
Total: 2.803900 ms (FindLiveObjects: 0.252600 ms CreateObjectMapping: 0.046100 ms MarkObjects: 2.436300 ms  DeleteObjects: 0.066800 ms)

========================================================================
Received Prepare
Registering precompiled user dll's ...
Registered in 0.004755 seconds.
Begin MonoManager ReloadAssembly
Native extension for WindowsStandalone target not found
Refreshing native plugins compatible for Editor in 0.44 ms, found 2 plugins.
Preloading 0 native plugins for Editor in 0.00 ms.
Mono: successfully reloaded assembly
- Completed reload, in  0.868 seconds
Platform modules already initialized, skipping
Refreshing native plugins compatible for Editor in 0.43 ms, found 2 plugins.
Preloading 0 native plugins for Editor in 0.00 ms.
Unloading 1838 Unused Serialized files (Serialized files now loaded: 0)
System memory in use before: 99.3 MB.
System memory in use after: 99.4 MB.

Unloading 15 unused Assets to reduce memory usage. Loaded Objects now: 2386.
Total: 2.072400 ms (FindLiveObjects: 0.209900 ms CreateObjectMapping: 0.042000 ms MarkObjects: 1.758800 ms  DeleteObjects: 0.060700 ms)

========================================================================
Received Import Request.
  Time since last request: 32.423299 seconds.
  path: Assets/Scripts/VisibleCursor.cs
  artifactKey: Guid(d67007f5e7e12074083fe7687883067b) Importer(815301076,1909f56bfc062723c751e8b465ee728b)
Start importing Assets/Scripts/VisibleCursor.cs using Guid(d67007f5e7e12074083fe7687883067b) Importer(815301076,1909f56bfc062723c751e8b465ee728b)  -> (artifact id: '6c5e4eb5e538ba48f990790467d885f5') in 0.005673 seconds
  Import took 0.008399 seconds .

========================================================================
Received Prepare
Registering precompiled user dll's ...
Registered in 0.004100 seconds.
Begin MonoManager ReloadAssembly
Native extension for WindowsStandalone target not found
Refreshing native plugins compatible for Editor in 0.44 ms, found 2 plugins.
Preloading 0 native plugins for Editor in 0.00 ms.
Mono: successfully reloaded assembly
- Completed reload, in  0.863 seconds
Platform modules already initialized, skipping
Refreshing native plugins compatible for Editor in 0.44 ms, found 2 plugins.
Preloading 0 native plugins for Editor in 0.00 ms.
Unloading 1838 Unused Serialized files (Serialized files now loaded: 0)
System memory in use before: 99.3 MB.
System memory in use after: 99.4 MB.

Unloading 15 unused Assets to reduce memory usage. Loaded Objects now: 2389.
Total: 2.312000 ms (FindLiveObjects: 0.223100 ms CreateObjectMapping: 0.042000 ms MarkObjects: 1.985000 ms  DeleteObjects: 0.060900 ms)

========================================================================
Received Import Request.
  Time since last request: 20.553001 seconds.
  path: Assets/Scenes/Wave3.unity
  artifactKey: Guid(3c43c7db5eeba404d814eb1d1d255e20) Importer(815301076,1909f56bfc062723c751e8b465ee728b)
Start importing Assets/Scenes/Wave3.unity using Guid(3c43c7db5eeba404d814eb1d1d255e20) Importer(815301076,1909f56bfc062723c751e8b465ee728b)  -> (artifact id: 'f13ee09b726058b6f6e9f8ea459fb918') in 0.016579 seconds
  Import took 0.019660 seconds .

========================================================================
Received Import Request.
  Time since last request: 50.864224 seconds.
  path: Assets/Scenes/GameOver.unity
  artifactKey: Guid(96293b7ad14943b4c878f22a50ac9afc) Importer(815301076,1909f56bfc062723c751e8b465ee728b)
Start importing Assets/Scenes/GameOver.unity using Guid(96293b7ad14943b4c878f22a50ac9afc) Importer(815301076,1909f56bfc062723c751e8b465ee728b)  -> (artifact id: 'efaec7b90f8458b94eb6583395845d60') in 0.007062 seconds
  Import took 0.010291 seconds .

========================================================================
Received Import Request.
  Time since last request: 0.002064 seconds.
  path: Assets/Scenes/GameOver.unity
  artifactKey: Guid(96293b7ad14943b4c878f22a50ac9afc) Importer(815301076,1909f56bfc062723c751e8b465ee728b)
Start importing Assets/Scenes/GameOver.unity using Guid(96293b7ad14943b4c878f22a50ac9afc) Importer(815301076,1909f56bfc062723c751e8b465ee728b)  -> (artifact id: 'efaec7b90f8458b94eb6583395845d60') in 0.003133 seconds
  Import took 0.005978 seconds .

========================================================================
Received Prepare
Registering precompiled user dll's ...
Registered in 0.004096 seconds.
Begin MonoManager ReloadAssembly
Native extension for WindowsStandalone target not found
Refreshing native plugins compatible for Editor in 0.48 ms, found 2 plugins.
Preloading 0 native plugins for Editor in 0.00 ms.
Mono: successfully reloaded assembly
- Completed reload, in  0.871 seconds
Platform modules already initialized, skipping
Refreshing native plugins compatible for Editor in 0.43 ms, found 2 plugins.
Preloading 0 native plugins for Editor in 0.00 ms.
Unloading 1838 Unused Serialized files (Serialized files now loaded: 0)
System memory in use before: 99.4 MB.
System memory in use after: 99.4 MB.

Unloading 15 unused Assets to reduce memory usage. Loaded Objects now: 2392.
Total: 2.391100 ms (FindLiveObjects: 0.232600 ms CreateObjectMapping: 0.043600 ms MarkObjects: 2.037000 ms  DeleteObjects: 0.076300 ms)

========================================================================
Received Prepare
Registering precompiled user dll's ...
Registered in 0.004038 seconds.
Begin MonoManager ReloadAssembly
Native extension for WindowsStandalone target not found
Refreshing native plugins compatible for Editor in 0.74 ms, found 2 plugins.
Preloading 0 native plugins for Editor in 0.00 ms.
Mono: successfully reloaded assembly
- Completed reload, in  0.875 seconds
Platform modules already initialized, skipping
Refreshing native plugins compatible for Editor in 0.48 ms, found 2 plugins.
Preloading 0 native plugins for Editor in 0.00 ms.
Unloading 1838 Unused Serialized files (Serialized files now loaded: 0)
System memory in use before: 99.4 MB.
System memory in use after: 99.5 MB.

Unloading 15 unused Assets to reduce memory usage. Loaded Objects now: 2395.
Total: 2.234700 ms (FindLiveObjects: 0.211000 ms CreateObjectMapping: 0.042400 ms MarkObjects: 1.916900 ms  DeleteObjects: 0.063200 ms)

========================================================================
Received Prepare
Registering precompiled user dll's ...
Registered in 0.004433 seconds.
Begin MonoManager ReloadAssembly
Native extension for WindowsStandalone target not found
Refreshing native plugins compatible for Editor in 0.43 ms, found 2 plugins.
Preloading 0 native plugins for Editor in 0.00 ms.
Mono: successfully reloaded assembly
- Completed reload, in  0.863 seconds
Platform modules already initialized, skipping
Refreshing native plugins compatible for Editor in 0.46 ms, found 2 plugins.
Preloading 0 native plugins for Editor in 0.00 ms.
Unloading 1838 Unused Serialized files (Serialized files now loaded: 0)
System memory in use before: 99.4 MB.
System memory in use after: 99.5 MB.

Unloading 15 unused Assets to reduce memory usage. Loaded Objects now: 2398.
Total: 2.442700 ms (FindLiveObjects: 0.206800 ms CreateObjectMapping: 0.133700 ms MarkObjects: 2.025300 ms  DeleteObjects: 0.075800 ms)

========================================================================
Received Import Request.
  Time since last request: 224.383645 seconds.
  path: Assets/Scripts/RestartGAme.cs
  artifactKey: Guid(64de1a510014c4d4492448b08c454e3e) Importer(815301076,1909f56bfc062723c751e8b465ee728b)
Start importing Assets/Scripts/RestartGAme.cs using Guid(64de1a510014c4d4492448b08c454e3e) Importer(815301076,1909f56bfc062723c751e8b465ee728b)  -> (artifact id: '93415f316c8fbe828614cc1881d972c2') in 0.009737 seconds
  Import took 0.012656 seconds .

========================================================================
Received Prepare
Registering precompiled user dll's ...
Registered in 0.004288 seconds.
Begin MonoManager ReloadAssembly
Native extension for WindowsStandalone target not found
Refreshing native plugins compatible for Editor in 0.46 ms, found 2 plugins.
Preloading 0 native plugins for Editor in 0.00 ms.
Mono: successfully reloaded assembly
- Completed reload, in  0.871 seconds
Platform modules already initialized, skipping
Refreshing native plugins compatible for Editor in 0.44 ms, found 2 plugins.
Preloading 0 native plugins for Editor in 0.00 ms.
Unloading 1838 Unused Serialized files (Serialized files now loaded: 0)
System memory in use before: 99.4 MB.
System memory in use after: 99.5 MB.

Unloading 15 unused Assets to reduce memory usage. Loaded Objects now: 2401.
Total: 2.180400 ms (FindLiveObjects: 0.246800 ms CreateObjectMapping: 0.043000 ms MarkObjects: 1.820700 ms  DeleteObjects: 0.068500 ms)

========================================================================
Received Import Request.
  Time since last request: 96.787737 seconds.
  path: Assets/Scripts/RestartGAme.cs
  artifactKey: Guid(64de1a510014c4d4492448b08c454e3e) Importer(815301076,1909f56bfc062723c751e8b465ee728b)
Start importing Assets/Scripts/RestartGAme.cs using Guid(64de1a510014c4d4492448b08c454e3e) Importer(815301076,1909f56bfc062723c751e8b465ee728b)  -> (artifact id: '5ebc14259824c97bd1d1948f6f467cdd') in 0.005543 seconds
  Import took 0.008512 seconds .

========================================================================
Received Import Request.
  Time since last request: 36.644194 seconds.
  path: Assets/Scenes/Menu.unity
  artifactKey: Guid(2fc09cd48acdb304e969556ccd8010d0) Importer(815301076,1909f56bfc062723c751e8b465ee728b)
Start importing Assets/Scenes/Menu.unity using Guid(2fc09cd48acdb304e969556ccd8010d0) Importer(815301076,1909f56bfc062723c751e8b465ee728b)  -> (artifact id: 'd34a7436b192f0dc8c8be96f57a6d7ca') in 0.020207 seconds
  Import took 0.023299 seconds .

========================================================================
Received Prepare
Registering precompiled user dll's ...
Registered in 0.004030 seconds.
Begin MonoManager ReloadAssembly
Native extension for WindowsStandalone target not found
Refreshing native plugins compatible for Editor in 0.43 ms, found 2 plugins.
Preloading 0 native plugins for Editor in 0.00 ms.
Mono: successfully reloaded assembly
- Completed reload, in  0.846 seconds
Platform modules already initialized, skipping
Refreshing native plugins compatible for Editor in 0.44 ms, found 2 plugins.
Preloading 0 native plugins for Editor in 0.00 ms.
Unloading 1838 Unused Serialized files (Serialized files now loaded: 0)
System memory in use before: 99.4 MB.
System memory in use after: 99.5 MB.

Unloading 15 unused Assets to reduce memory usage. Loaded Objects now: 2404.
Total: 2.117300 ms (FindLiveObjects: 0.214900 ms CreateObjectMapping: 0.042500 ms MarkObjects: 1.800100 ms  DeleteObjects: 0.058600 ms)

========================================================================
Received Prepare
Registering precompiled user dll's ...
Registered in 0.003900 seconds.
Begin MonoManager ReloadAssembly
Native extension for WindowsStandalone target not found
Refreshing native plugins compatible for Editor in 0.51 ms, found 2 plugins.
Preloading 0 native plugins for Editor in 0.00 ms.
Mono: successfully reloaded assembly
- Completed reload, in  0.854 seconds
Platform modules already initialized, skipping
Refreshing native plugins compatible for Editor in 0.44 ms, found 2 plugins.
Preloading 0 native plugins for Editor in 0.00 ms.
Unloading 1838 Unused Serialized files (Serialized files now loaded: 0)
System memory in use before: 99.4 MB.
System memory in use after: 99.5 MB.

Unloading 15 unused Assets to reduce memory usage. Loaded Objects now: 2407.
Total: 2.055200 ms (FindLiveObjects: 0.213000 ms CreateObjectMapping: 0.041400 ms MarkObjects: 1.739700 ms  DeleteObjects: 0.060000 ms)

========================================================================
Received Import Request.
  Time since last request: 55.147428 seconds.
  path: Assets/Prefabs/Valharn.prefab
  artifactKey: Guid(2553cec8fdb3eb643bbe9f2ec880c472) Importer(815301076,1909f56bfc062723c751e8b465ee728b)
Start importing Assets/Prefabs/Valharn.prefab using Guid(2553cec8fdb3eb643bbe9f2ec880c472) Importer(815301076,1909f56bfc062723c751e8b465ee728b)  -> (artifact id: 'f903de54cc43e2e65564038a63e9a22f') in 0.084281 seconds
  Import took 0.087787 seconds .

========================================================================
Received Import Request.
  Time since last request: 1.371372 seconds.
  path: Assets/Scenes/Wave3
  artifactKey: Guid(9184a86b9f74ed745b62ea58160827f5) Importer(815301076,1909f56bfc062723c751e8b465ee728b)
Start importing Assets/Scenes/Wave3 using Guid(9184a86b9f74ed745b62ea58160827f5) Importer(815301076,1909f56bfc062723c751e8b465ee728b)  -> (artifact id: '72fa7609925d107e23eb2223639a64a5') in 0.007916 seconds
  Import took 0.010904 seconds .

========================================================================
Received Import Request.
  Time since last request: 0.426006 seconds.
  path: Assets/Scenes/Wave2
  artifactKey: Guid(b335004c10064c3478089ac1156de445) Importer(815301076,1909f56bfc062723c751e8b465ee728b)
Start importing Assets/Scenes/Wave2 using Guid(b335004c10064c3478089ac1156de445) Importer(815301076,1909f56bfc062723c751e8b465ee728b)  -> (artifact id: 'ae1055d51a576b6a3753cd100fddb294') in 0.008545 seconds
  Import took 0.011600 seconds .

========================================================================
Received Prepare
Registering precompiled user dll's ...
Registered in 0.003849 seconds.
Begin MonoManager ReloadAssembly
Native extension for WindowsStandalone target not found
Refreshing native plugins compatible for Editor in 0.47 ms, found 2 plugins.
Preloading 0 native plugins for Editor in 0.00 ms.
Mono: successfully reloaded assembly
- Completed reload, in  0.883 seconds
Platform modules already initialized, skipping
Refreshing native plugins compatible for Editor in 0.47 ms, found 2 plugins.
Preloading 0 native plugins for Editor in 0.00 ms.
Unloading 1837 Unused Serialized files (Serialized files now loaded: 0)
System memory in use before: 99.4 MB.
System memory in use after: 99.5 MB.

Unloading 16 unused Assets to reduce memory usage. Loaded Objects now: 2410.
Total: 2.052200 ms (FindLiveObjects: 0.199300 ms CreateObjectMapping: 0.042200 ms MarkObjects: 1.750100 ms  DeleteObjects: 0.059600 ms)

========================================================================
Received Import Request.
  Time since last request: 67.452100 seconds.
  path: Assets/Scripts/VisibleCursor.cs
  artifactKey: Guid(d67007f5e7e12074083fe7687883067b) Importer(815301076,1909f56bfc062723c751e8b465ee728b)
Start importing Assets/Scripts/VisibleCursor.cs using Guid(d67007f5e7e12074083fe7687883067b) Importer(815301076,1909f56bfc062723c751e8b465ee728b)  -> (artifact id: '7d11397e5723477c37a9ed6cdf22b6ab') in 0.005892 seconds
  Import took 0.009133 seconds .

========================================================================
Received Import Request.
  Time since last request: 0.001201 seconds.
  path: Assets/Scripts/VisibleCursor.cs
  artifactKey: Guid(d67007f5e7e12074083fe7687883067b) Importer(815301076,1909f56bfc062723c751e8b465ee728b)
Start importing Assets/Scripts/VisibleCursor.cs using Guid(d67007f5e7e12074083fe7687883067b) Importer(815301076,1909f56bfc062723c751e8b465ee728b)  -> (artifact id: '7d11397e5723477c37a9ed6cdf22b6ab') in 0.003308 seconds
  Import took 0.006153 seconds .

========================================================================
Received Prepare
Registering precompiled user dll's ...
Registered in 0.003845 seconds.
Begin MonoManager ReloadAssembly
Native extension for WindowsStandalone target not found
Refreshing native plugins compatible for Editor in 0.44 ms, found 2 plugins.
Preloading 0 native plugins for Editor in 0.00 ms.
Mono: successfully reloaded assembly
- Completed reload, in  0.866 seconds
Platform modules already initialized, skipping
Refreshing native plugins compatible for Editor in 0.42 ms, found 2 plugins.
Preloading 0 native plugins for Editor in 0.00 ms.
Unloading 1837 Unused Serialized files (Serialized files now loaded: 0)
System memory in use before: 99.4 MB.
System memory in use after: 99.5 MB.

Unloading 15 unused Assets to reduce memory usage. Loaded Objects now: 2413.
Total: 2.208900 ms (FindLiveObjects: 0.261600 ms CreateObjectMapping: 0.049500 ms MarkObjects: 1.834600 ms  DeleteObjects: 0.061500 ms)

========================================================================
Received Prepare
Registering precompiled user dll's ...
Registered in 0.004123 seconds.
Begin MonoManager ReloadAssembly
Native extension for WindowsStandalone target not found
Refreshing native plugins compatible for Editor in 0.51 ms, found 2 plugins.
Preloading 0 native plugins for Editor in 0.00 ms.
Mono: successfully reloaded assembly
- Completed reload, in  0.878 seconds
Platform modules already initialized, skipping
Refreshing native plugins compatible for Editor in 0.45 ms, found 2 plugins.
Preloading 0 native plugins for Editor in 0.00 ms.
Unloading 1837 Unused Serialized files (Serialized files now loaded: 0)
System memory in use before: 99.4 MB.
System memory in use after: 99.5 MB.

Unloading 15 unused Assets to reduce memory usage. Loaded Objects now: 2416.
Total: 2.739900 ms (FindLiveObjects: 0.239400 ms CreateObjectMapping: 0.042800 ms MarkObjects: 2.388100 ms  DeleteObjects: 0.068100 ms)

========================================================================
Received Import Request.
  Time since last request: 193.535504 seconds.
  path: Assets/Materials/Grape.mat
  artifactKey: Guid(fa6cf705d4a656845940d87df9155b6c) Importer(815301076,1909f56bfc062723c751e8b465ee728b)
Start importing Assets/Materials/Grape.mat using Guid(fa6cf705d4a656845940d87df9155b6c) Importer(815301076,1909f56bfc062723c751e8b465ee728b)  -> (artifact id: 'f3d75a34b462e9c159e7c0381484925a') in 0.060973 seconds
  Import took 0.064161 seconds .

========================================================================
Received Import Request.
  Time since last request: 27.393103 seconds.
  path: ProjectSettings/TagManager.asset
  artifactKey: Guid(00000000000000003000000000000000) Importer(815301076,1909f56bfc062723c751e8b465ee728b)
Start importing ProjectSettings/TagManager.asset using Guid(00000000000000003000000000000000) Importer(815301076,1909f56bfc062723c751e8b465ee728b)  -> (artifact id: '4661910957185d73f0fee543cff1ee26') in 0.004154 seconds
  Import took 0.007107 seconds .

========================================================================
Received Import Request.
  Time since last request: 0.002591 seconds.
  path: ProjectSettings/TagManager.asset
  artifactKey: Guid(00000000000000003000000000000000) Importer(815301076,1909f56bfc062723c751e8b465ee728b)
Start importing ProjectSettings/TagManager.asset using Guid(00000000000000003000000000000000) Importer(815301076,1909f56bfc062723c751e8b465ee728b)  -> (artifact id: '4661910957185d73f0fee543cff1ee26') in 0.003332 seconds
  Import took 0.006126 seconds .

========================================================================
Received Import Request.
  Time since last request: 50.751894 seconds.
  path: Assets/Scripts/PlayerInfo.cs
  artifactKey: Guid(43ee500a3e8fbfc4b8d4957b91860dbe) Importer(815301076,1909f56bfc062723c751e8b465ee728b)
Start importing Assets/Scripts/PlayerInfo.cs using Guid(43ee500a3e8fbfc4b8d4957b91860dbe) Importer(815301076,1909f56bfc062723c751e8b465ee728b)  -> (artifact id: '4e972bf3f35a8ed89e99e6eb21205cde') in 0.002642 seconds
  Import took 0.005622 seconds .

========================================================================
Received Import Request.
  Time since last request: 0.019605 seconds.
  path: Assets/Scripts/PlayerInfo.cs
  artifactKey: Guid(43ee500a3e8fbfc4b8d4957b91860dbe) Importer(815301076,1909f56bfc062723c751e8b465ee728b)
Start importing Assets/Scripts/PlayerInfo.cs using Guid(43ee500a3e8fbfc4b8d4957b91860dbe) Importer(815301076,1909f56bfc062723c751e8b465ee728b)  -> (artifact id: '4e972bf3f35a8ed89e99e6eb21205cde') in 0.003037 seconds
  Import took 0.006064 seconds .

========================================================================
Received Prepare
Registering precompiled user dll's ...
Registered in 0.005327 seconds.
Begin MonoManager ReloadAssembly
Native extension for WindowsStandalone target not found
Refreshing native plugins compatible for Editor in 0.45 ms, found 2 plugins.
Preloading 0 native plugins for Editor in 0.00 ms.
Mono: successfully reloaded assembly
- Completed reload, in  0.897 seconds
Platform modules already initialized, skipping
Refreshing native plugins compatible for Editor in 0.43 ms, found 2 plugins.
Preloading 0 native plugins for Editor in 0.00 ms.
Unloading 1836 Unused Serialized files (Serialized files now loaded: 0)
System memory in use before: 99.4 MB.
System memory in use after: 99.5 MB.

Unloading 18 unused Assets to reduce memory usage. Loaded Objects now: 2429.
Total: 2.649500 ms (FindLiveObjects: 0.244000 ms CreateObjectMapping: 0.045200 ms MarkObjects: 2.289800 ms  DeleteObjects: 0.068900 ms)

========================================================================
Received Import Request.
  Time since last request: 27.440114 seconds.
  path: Assets/Scenes/GameOver.unity
  artifactKey: Guid(96293b7ad14943b4c878f22a50ac9afc) Importer(815301076,1909f56bfc062723c751e8b465ee728b)
Start importing Assets/Scenes/GameOver.unity using Guid(96293b7ad14943b4c878f22a50ac9afc) Importer(815301076,1909f56bfc062723c751e8b465ee728b)  -> (artifact id: '50fd41232a30c4616ae95d0125ed17fa') in 0.014200 seconds
  Import took 0.017614 seconds .

========================================================================
Received Prepare
Registering precompiled user dll's ...
Registered in 0.003834 seconds.
Begin MonoManager ReloadAssembly
Native extension for WindowsStandalone target not found
Refreshing native plugins compatible for Editor in 0.45 ms, found 2 plugins.
Preloading 0 native plugins for Editor in 0.00 ms.
Mono: successfully reloaded assembly
- Completed reload, in  0.867 seconds
Platform modules already initialized, skipping
Refreshing native plugins compatible for Editor in 0.53 ms, found 2 plugins.
Preloading 0 native plugins for Editor in 0.00 ms.
Unloading 1836 Unused Serialized files (Serialized files now loaded: 0)
System memory in use before: 99.4 MB.
System memory in use after: 99.5 MB.

Unloading 15 unused Assets to reduce memory usage. Loaded Objects now: 2432.
Total: 2.649200 ms (FindLiveObjects: 0.239400 ms CreateObjectMapping: 0.042700 ms MarkObjects: 2.297800 ms  DeleteObjects: 0.067600 ms)

========================================================================
Received Import Request.
  Time since last request: 208.009778 seconds.
  path: Assets/Scripts/Grape.cs
  artifactKey: Guid(6fc667509e7bd074290c42640bc0fbf0) Importer(815301076,1909f56bfc062723c751e8b465ee728b)
Start importing Assets/Scripts/Grape.cs using Guid(6fc667509e7bd074290c42640bc0fbf0) Importer(815301076,1909f56bfc062723c751e8b465ee728b)  -> (artifact id: '70c854a9304092c4d66a32c3b93e57ed') in 0.006631 seconds
  Import took 0.009819 seconds .

========================================================================
Received Import Request.
  Time since last request: 0.007927 seconds.
  path: Assets/Scripts/Grape.cs
  artifactKey: Guid(6fc667509e7bd074290c42640bc0fbf0) Importer(815301076,1909f56bfc062723c751e8b465ee728b)
Start importing Assets/Scripts/Grape.cs using Guid(6fc667509e7bd074290c42640bc0fbf0) Importer(815301076,1909f56bfc062723c751e8b465ee728b)  -> (artifact id: '70c854a9304092c4d66a32c3b93e57ed') in 0.003565 seconds
  Import took 0.007680 seconds .

========================================================================
Received Prepare
Registering precompiled user dll's ...
Registered in 0.003875 seconds.
Begin MonoManager ReloadAssembly
Native extension for WindowsStandalone target not found
Refreshing native plugins compatible for Editor in 0.50 ms, found 2 plugins.
Preloading 0 native plugins for Editor in 0.00 ms.
Mono: successfully reloaded assembly
- Completed reload, in  0.887 seconds
Platform modules already initialized, skipping
Refreshing native plugins compatible for Editor in 0.45 ms, found 2 plugins.
Preloading 0 native plugins for Editor in 0.00 ms.
Unloading 1837 Unused Serialized files (Serialized files now loaded: 0)
System memory in use before: 99.7 MB.
System memory in use after: 99.8 MB.

Unloading 15 unused Assets to reduce memory usage. Loaded Objects now: 2436.
Total: 2.181400 ms (FindLiveObjects: 0.264400 ms CreateObjectMapping: 0.042600 ms MarkObjects: 1.803800 ms  DeleteObjects: 0.069000 ms)

========================================================================
Received Prepare
Registering precompiled user dll's ...
Registered in 0.004216 seconds.
Begin MonoManager ReloadAssembly
Native extension for WindowsStandalone target not found
Refreshing native plugins compatible for Editor in 0.50 ms, found 2 plugins.
Preloading 0 native plugins for Editor in 0.00 ms.
Mono: successfully reloaded assembly
- Completed reload, in  0.857 seconds
Platform modules already initialized, skipping
Refreshing native plugins compatible for Editor in 0.45 ms, found 2 plugins.
Preloading 0 native plugins for Editor in 0.00 ms.
Unloading 1837 Unused Serialized files (Serialized files now loaded: 0)
System memory in use before: 99.7 MB.
System memory in use after: 99.8 MB.

Unloading 15 unused Assets to reduce memory usage. Loaded Objects now: 2439.
Total: 2.535200 ms (FindLiveObjects: 0.217800 ms CreateObjectMapping: 0.044500 ms MarkObjects: 2.207600 ms  DeleteObjects: 0.064400 ms)

========================================================================
Received Import Request.
  Time since last request: 39.712982 seconds.
  path: Assets/Scripts/Grape.cs
  artifactKey: Guid(6fc667509e7bd074290c42640bc0fbf0) Importer(815301076,1909f56bfc062723c751e8b465ee728b)
Start importing Assets/Scripts/Grape.cs using Guid(6fc667509e7bd074290c42640bc0fbf0) Importer(815301076,1909f56bfc062723c751e8b465ee728b)  -> (artifact id: 'f1a5fa43cb48465148ab59357a79d9c0') in 0.005392 seconds
  Import took 0.008455 seconds .

========================================================================
Received Import Request.
  Time since last request: 1.730614 seconds.
  path: Assets/Scenes/Wave1.unity
  artifactKey: Guid(9fc0d4010bbf28b4594072e72b8655ab) Importer(815301076,1909f56bfc062723c751e8b465ee728b)
Start importing Assets/Scenes/Wave1.unity using Guid(9fc0d4010bbf28b4594072e72b8655ab) Importer(815301076,1909f56bfc062723c751e8b465ee728b)  -> (artifact id: '7461e73fa1d00cc5b509b7173590c95a') in 0.011640 seconds
  Import took 0.014658 seconds .

========================================================================
Received Prepare
Registering precompiled user dll's ...
Registered in 0.003802 seconds.
Begin MonoManager ReloadAssembly
Native extension for WindowsStandalone target not found
Refreshing native plugins compatible for Editor in 0.46 ms, found 2 plugins.
Preloading 0 native plugins for Editor in 0.00 ms.
Mono: successfully reloaded assembly
- Completed reload, in  0.868 seconds
Platform modules already initialized, skipping
Refreshing native plugins compatible for Editor in 0.44 ms, found 2 plugins.
Preloading 0 native plugins for Editor in 0.00 ms.
Unloading 1837 Unused Serialized files (Serialized files now loaded: 0)
System memory in use before: 99.7 MB.
System memory in use after: 99.8 MB.

Unloading 15 unused Assets to reduce memory usage. Loaded Objects now: 2442.
Total: 2.136800 ms (FindLiveObjects: 0.238600 ms CreateObjectMapping: 0.043400 ms MarkObjects: 1.790300 ms  DeleteObjects: 0.063200 ms)

========================================================================
Received Prepare
Registering precompiled user dll's ...
Registered in 0.003865 seconds.
Begin MonoManager ReloadAssembly
Native extension for WindowsStandalone target not found
Refreshing native plugins compatible for Editor in 0.42 ms, found 2 plugins.
Preloading 0 native plugins for Editor in 0.00 ms.
Mono: successfully reloaded assembly
- Completed reload, in  0.868 seconds
Platform modules already initialized, skipping
Refreshing native plugins compatible for Editor in 0.43 ms, found 2 plugins.
Preloading 0 native plugins for Editor in 0.00 ms.
Unloading 1837 Unused Serialized files (Serialized files now loaded: 0)
System memory in use before: 99.7 MB.
System memory in use after: 99.8 MB.

Unloading 15 unused Assets to reduce memory usage. Loaded Objects now: 2445.
Total: 2.306900 ms (FindLiveObjects: 0.202500 ms CreateObjectMapping: 0.042800 ms MarkObjects: 1.977800 ms  DeleteObjects: 0.082700 ms)

========================================================================
Received Import Request.
  Time since last request: 164.911249 seconds.
  path: Assets/Scenes/Wave1.unity
  artifactKey: Guid(9fc0d4010bbf28b4594072e72b8655ab) Importer(815301076,1909f56bfc062723c751e8b465ee728b)
Start importing Assets/Scenes/Wave1.unity using Guid(9fc0d4010bbf28b4594072e72b8655ab) Importer(815301076,1909f56bfc062723c751e8b465ee728b)  -> (artifact id: 'e57a7f5f586410a3d047213fdfc63377') in 0.015182 seconds
  Import took 0.018283 seconds .

========================================================================
Received Import Request.
  Time since last request: 1.322526 seconds.
  path: Assets/Scenes/GameOver.unity
  artifactKey: Guid(96293b7ad14943b4c878f22a50ac9afc) Importer(815301076,1909f56bfc062723c751e8b465ee728b)
Start importing Assets/Scenes/GameOver.unity using Guid(96293b7ad14943b4c878f22a50ac9afc) Importer(815301076,1909f56bfc062723c751e8b465ee728b)  -> (artifact id: '06db778ee4c7a70f7c24190beca94237') in 0.003279 seconds
  Import took 0.006324 seconds .

========================================================================
Received Import Request.
  Time since last request: 49.754639 seconds.
  path: Assets/Scenes/Wave2.unity
  artifactKey: Guid(4f1d090e0899a5f4bb85fd53d425642d) Importer(815301076,1909f56bfc062723c751e8b465ee728b)
Start importing Assets/Scenes/Wave2.unity using Guid(4f1d090e0899a5f4bb85fd53d425642d) Importer(815301076,1909f56bfc062723c751e8b465ee728b)  -> (artifact id: '5286d5b0959b0a69f6083b9d351a8c88') in 0.003978 seconds
  Import took 0.007365 seconds .

========================================================================
Received Prepare
Registering precompiled user dll's ...
Registered in 0.003821 seconds.
Begin MonoManager ReloadAssembly
Native extension for WindowsStandalone target not found
Refreshing native plugins compatible for Editor in 0.43 ms, found 2 plugins.
Preloading 0 native plugins for Editor in 0.00 ms.
Mono: successfully reloaded assembly
- Completed reload, in  0.854 seconds
Platform modules already initialized, skipping
Refreshing native plugins compatible for Editor in 0.44 ms, found 2 plugins.
Preloading 0 native plugins for Editor in 0.00 ms.
Unloading 1837 Unused Serialized files (Serialized files now loaded: 0)
System memory in use before: 99.7 MB.
System memory in use after: 99.8 MB.

Unloading 15 unused Assets to reduce memory usage. Loaded Objects now: 2448.
Total: 2.370600 ms (FindLiveObjects: 0.253500 ms CreateObjectMapping: 0.044500 ms MarkObjects: 2.009400 ms  DeleteObjects: 0.062200 ms)

========================================================================
Received Import Request.
  Time since last request: 4.255642 seconds.
  path: Assets/Scenes/Wave3.unity
  artifactKey: Guid(3c43c7db5eeba404d814eb1d1d255e20) Importer(815301076,1909f56bfc062723c751e8b465ee728b)
Start importing Assets/Scenes/Wave3.unity using Guid(3c43c7db5eeba404d814eb1d1d255e20) Importer(815301076,1909f56bfc062723c751e8b465ee728b)  -> (artifact id: '35942d1cd3e3393b68ad43b777aa4524') in 0.013066 seconds
  Import took 0.016016 seconds .

========================================================================
Received Import Request.
  Time since last request: 36.893046 seconds.
  path: Assets/Scenes/Victory.unity
  artifactKey: Guid(2530a5ab274009948b95610d65f060b4) Importer(815301076,1909f56bfc062723c751e8b465ee728b)
Start importing Assets/Scenes/Victory.unity using Guid(2530a5ab274009948b95610d65f060b4) Importer(815301076,1909f56bfc062723c751e8b465ee728b)  -> (artifact id: '4f78a3ab2b745d16aef71804e1be4a39') in 0.007066 seconds
  Import took 0.010183 seconds .

========================================================================
Received Import Request.
  Time since last request: 356.258657 seconds.
  path: Assets/Materials/Grape.mat
  artifactKey: Guid(fa6cf705d4a656845940d87df9155b6c) Importer(815301076,1909f56bfc062723c751e8b465ee728b)
Start importing Assets/Materials/Grape.mat using Guid(fa6cf705d4a656845940d87df9155b6c) Importer(815301076,1909f56bfc062723c751e8b465ee728b)  -> (artifact id: 'c7f88826e69ca3ff8c95e5b97d180561') in 0.042979 seconds
  Import took 0.046274 seconds .

========================================================================
Received Prepare
Registering precompiled user dll's ...
Registered in 0.003811 seconds.
Begin MonoManager ReloadAssembly
Native extension for WindowsStandalone target not found
Refreshing native plugins compatible for Editor in 0.44 ms, found 2 plugins.
Preloading 0 native plugins for Editor in 0.00 ms.
Mono: successfully reloaded assembly
- Completed reload, in  0.844 seconds
Platform modules already initialized, skipping
Refreshing native plugins compatible for Editor in 0.45 ms, found 2 plugins.
Preloading 0 native plugins for Editor in 0.00 ms.
Unloading 1837 Unused Serialized files (Serialized files now loaded: 0)
System memory in use before: 99.8 MB.
System memory in use after: 99.8 MB.

Unloading 15 unused Assets to reduce memory usage. Loaded Objects now: 2452.
Total: 2.131800 ms (FindLiveObjects: 0.232200 ms CreateObjectMapping: 0.043000 ms MarkObjects: 1.796800 ms  DeleteObjects: 0.058800 ms)

========================================================================
Received Import Request.
  Time since last request: 57.246927 seconds.
  path: Assets/Scripts/MusicBox.cs
  artifactKey: Guid(d4aea787d0351e64eaf209b6a8e93a8a) Importer(815301076,1909f56bfc062723c751e8b465ee728b)
Start importing Assets/Scripts/MusicBox.cs using Guid(d4aea787d0351e64eaf209b6a8e93a8a) Importer(815301076,1909f56bfc062723c751e8b465ee728b)  -> (artifact id: 'ffb215e99145492a78d26c1bf7b2ea26') in 0.011252 seconds
  Import took 0.014690 seconds .

========================================================================
Received Import Request.
  Time since last request: 0.004548 seconds.
  path: Assets/Scripts/MusicBox.cs
  artifactKey: Guid(d4aea787d0351e64eaf209b6a8e93a8a) Importer(815301076,1909f56bfc062723c751e8b465ee728b)
Start importing Assets/Scripts/MusicBox.cs using Guid(d4aea787d0351e64eaf209b6a8e93a8a) Importer(815301076,1909f56bfc062723c751e8b465ee728b)  -> (artifact id: 'ffb215e99145492a78d26c1bf7b2ea26') in 0.002649 seconds
  Import took 0.005970 seconds .

========================================================================
Received Prepare
Registering precompiled user dll's ...
Registered in 0.004654 seconds.
Begin MonoManager ReloadAssembly
Native extension for WindowsStandalone target not found
Refreshing native plugins compatible for Editor in 0.43 ms, found 2 plugins.
Preloading 0 native plugins for Editor in 0.00 ms.
Mono: successfully reloaded assembly
- Completed reload, in  0.888 seconds
Platform modules already initialized, skipping
Refreshing native plugins compatible for Editor in 0.46 ms, found 2 plugins.
Preloading 0 native plugins for Editor in 0.00 ms.
Unloading 1838 Unused Serialized files (Serialized files now loaded: 0)
System memory in use before: 99.8 MB.
System memory in use after: 99.9 MB.

Unloading 15 unused Assets to reduce memory usage. Loaded Objects now: 2456.
Total: 2.187800 ms (FindLiveObjects: 0.219800 ms CreateObjectMapping: 0.042500 ms MarkObjects: 1.797200 ms  DeleteObjects: 0.127300 ms)

========================================================================
Received Prepare
Registering precompiled user dll's ...
Registered in 0.003920 seconds.
Begin MonoManager ReloadAssembly
Native extension for WindowsStandalone target not found
Refreshing native plugins compatible for Editor in 0.44 ms, found 2 plugins.
Preloading 0 native plugins for Editor in 0.00 ms.
Mono: successfully reloaded assembly
- Completed reload, in  0.854 seconds
Platform modules already initialized, skipping
Refreshing native plugins compatible for Editor in 0.44 ms, found 2 plugins.
Preloading 0 native plugins for Editor in 0.00 ms.
Unloading 1838 Unused Serialized files (Serialized files now loaded: 0)
System memory in use before: 99.8 MB.
System memory in use after: 99.9 MB.

Unloading 15 unused Assets to reduce memory usage. Loaded Objects now: 2459.
Total: 2.199600 ms (FindLiveObjects: 0.232200 ms CreateObjectMapping: 0.044100 ms MarkObjects: 1.841900 ms  DeleteObjects: 0.080200 ms)

========================================================================
Received Import Request.
  Time since last request: 131.235906 seconds.
  path: Assets/Scripts/MusicBox.cs
  artifactKey: Guid(d4aea787d0351e64eaf209b6a8e93a8a) Importer(815301076,1909f56bfc062723c751e8b465ee728b)
Start importing Assets/Scripts/MusicBox.cs using Guid(d4aea787d0351e64eaf209b6a8e93a8a) Importer(815301076,1909f56bfc062723c751e8b465ee728b)  -> (artifact id: 'e2ccb3b8e206098de5fae43daf676227') in 0.005371 seconds
  Import took 0.008512 seconds .

========================================================================
Received Prepare
Registering precompiled user dll's ...
Registered in 0.004280 seconds.
Begin MonoManager ReloadAssembly
Native extension for WindowsStandalone target not found
Refreshing native plugins compatible for Editor in 0.46 ms, found 2 plugins.
Preloading 0 native plugins for Editor in 0.00 ms.
Mono: successfully reloaded assembly
- Completed reload, in  0.896 seconds
Platform modules already initialized, skipping
Refreshing native plugins compatible for Editor in 0.45 ms, found 2 plugins.
Preloading 0 native plugins for Editor in 0.00 ms.
Unloading 1837 Unused Serialized files (Serialized files now loaded: 0)
System memory in use before: 99.8 MB.
System memory in use after: 99.9 MB.

Unloading 16 unused Assets to reduce memory usage. Loaded Objects now: 2461.
Total: 2.140400 ms (FindLiveObjects: 0.224200 ms CreateObjectMapping: 0.043600 ms MarkObjects: 1.807100 ms  DeleteObjects: 0.064400 ms)

========================================================================
Received Prepare
Registering precompiled user dll's ...
Registered in 0.003774 seconds.
Begin MonoManager ReloadAssembly
Native extension for WindowsStandalone target not found
Refreshing native plugins compatible for Editor in 0.42 ms, found 2 plugins.
Preloading 0 native plugins for Editor in 0.00 ms.
Mono: successfully reloaded assembly
- Completed reload, in  0.853 seconds
Platform modules already initialized, skipping
Refreshing native plugins compatible for Editor in 0.43 ms, found 2 plugins.
Preloading 0 native plugins for Editor in 0.00 ms.
Unloading 1837 Unused Serialized files (Serialized files now loaded: 0)
System memory in use before: 99.8 MB.
System memory in use after: 99.9 MB.

Unloading 15 unused Assets to reduce memory usage. Loaded Objects now: 2464.
Total: 2.124200 ms (FindLiveObjects: 0.222200 ms CreateObjectMapping: 0.044500 ms MarkObjects: 1.795500 ms  DeleteObjects: 0.061100 ms)

========================================================================
Received Prepare
Registering precompiled user dll's ...
Registered in 0.003816 seconds.
Begin MonoManager ReloadAssembly
Native extension for WindowsStandalone target not found
Refreshing native plugins compatible for Editor in 0.44 ms, found 2 plugins.
Preloading 0 native plugins for Editor in 0.00 ms.
Mono: successfully reloaded assembly
- Completed reload, in  0.856 seconds
Platform modules already initialized, skipping
Refreshing native plugins compatible for Editor in 0.46 ms, found 2 plugins.
Preloading 0 native plugins for Editor in 0.00 ms.
Unloading 1837 Unused Serialized files (Serialized files now loaded: 0)
System memory in use before: 99.8 MB.
System memory in use after: 99.9 MB.

Unloading 15 unused Assets to reduce memory usage. Loaded Objects now: 2467.
Total: 2.590300 ms (FindLiveObjects: 0.223600 ms CreateObjectMapping: 0.050200 ms MarkObjects: 2.207200 ms  DeleteObjects: 0.108100 ms)

========================================================================
Received Import Request.
  Time since last request: 150.341856 seconds.
  path: Assets/Scenes/Wave1.unity
  artifactKey: Guid(9fc0d4010bbf28b4594072e72b8655ab) Importer(815301076,1909f56bfc062723c751e8b465ee728b)
Start importing Assets/Scenes/Wave1.unity using Guid(9fc0d4010bbf28b4594072e72b8655ab) Importer(815301076,1909f56bfc062723c751e8b465ee728b)  -> (artifact id: 'a6b7521c57d0082d31ca27f5d12fdb68') in 0.019735 seconds
  Import took 0.022977 seconds .

========================================================================
Received Import Request.
  Time since last request: 10.436996 seconds.
  path: Assets/Scenes/Wave3.unity
  artifactKey: Guid(3c43c7db5eeba404d814eb1d1d255e20) Importer(815301076,1909f56bfc062723c751e8b465ee728b)
Start importing Assets/Scenes/Wave3.unity using Guid(3c43c7db5eeba404d814eb1d1d255e20) Importer(815301076,1909f56bfc062723c751e8b465ee728b)  -> (artifact id: 'eb41f99803e242a6badc94932998edc3') in 0.003179 seconds
  Import took 0.006197 seconds .

========================================================================
Received Import Request.
  Time since last request: 35.807867 seconds.
  path: Assets/Scenes/Wave1.unity
  artifactKey: Guid(9fc0d4010bbf28b4594072e72b8655ab) Importer(815301076,1909f56bfc062723c751e8b465ee728b)
Start importing Assets/Scenes/Wave1.unity using Guid(9fc0d4010bbf28b4594072e72b8655ab) Importer(815301076,1909f56bfc062723c751e8b465ee728b)  -> (artifact id: '81e835b1a86e9f1cb0125887acdca6c8') in 0.003747 seconds
  Import took 0.007051 seconds .

========================================================================
Received Prepare
Registering precompiled user dll's ...
Registered in 0.004125 seconds.
Begin MonoManager ReloadAssembly
Native extension for WindowsStandalone target not found
Refreshing native plugins compatible for Editor in 0.49 ms, found 2 plugins.
Preloading 0 native plugins for Editor in 0.00 ms.
Mono: successfully reloaded assembly
- Completed reload, in  0.853 seconds
Platform modules already initialized, skipping
Refreshing native plugins compatible for Editor in 0.44 ms, found 2 plugins.
Preloading 0 native plugins for Editor in 0.00 ms.
Unloading 1837 Unused Serialized files (Serialized files now loaded: 0)
System memory in use before: 99.8 MB.
System memory in use after: 99.9 MB.

Unloading 15 unused Assets to reduce memory usage. Loaded Objects now: 2470.
Total: 2.247100 ms (FindLiveObjects: 0.222600 ms CreateObjectMapping: 0.042800 ms MarkObjects: 1.917100 ms  DeleteObjects: 0.063500 ms)

========================================================================
Received Import Request.
  Time since last request: 11.902238 seconds.
  path: Assets/Scenes/Wave2.unity
  artifactKey: Guid(4f1d090e0899a5f4bb85fd53d425642d) Importer(815301076,1909f56bfc062723c751e8b465ee728b)
Start importing Assets/Scenes/Wave2.unity using Guid(4f1d090e0899a5f4bb85fd53d425642d) Importer(815301076,1909f56bfc062723c751e8b465ee728b)  -> (artifact id: '5731ae42b601d34d32c32b032d72e37e') in 0.013634 seconds
  Import took 0.016796 seconds .

========================================================================
Received Import Request.
  Time since last request: 3.122379 seconds.
  path: Assets/Scenes/Wave3.unity
  artifactKey: Guid(3c43c7db5eeba404d814eb1d1d255e20) Importer(815301076,1909f56bfc062723c751e8b465ee728b)
Start importing Assets/Scenes/Wave3.unity using Guid(3c43c7db5eeba404d814eb1d1d255e20) Importer(815301076,1909f56bfc062723c751e8b465ee728b)  -> (artifact id: 'f3c88b422d4e91096dc140e356b7e048') in 0.003506 seconds
  Import took 0.006354 seconds .

========================================================================
Received Prepare
Registering precompiled user dll's ...
Registered in 0.004158 seconds.
Begin MonoManager ReloadAssembly
Native extension for WindowsStandalone target not found
Refreshing native plugins compatible for Editor in 0.44 ms, found 2 plugins.
Preloading 0 native plugins for Editor in 0.00 ms.
Mono: successfully reloaded assembly
- Completed reload, in  0.902 seconds
Platform modules already initialized, skipping
Refreshing native plugins compatible for Editor in 0.43 ms, found 2 plugins.
Preloading 0 native plugins for Editor in 0.00 ms.
Unloading 1837 Unused Serialized files (Serialized files now loaded: 0)
System memory in use before: 99.8 MB.
System memory in use after: 99.9 MB.

Unloading 15 unused Assets to reduce memory usage. Loaded Objects now: 2473.
Total: 2.544700 ms (FindLiveObjects: 0.236700 ms CreateObjectMapping: 0.043400 ms MarkObjects: 2.193800 ms  DeleteObjects: 0.069200 ms)

========================================================================
Received Import Request.
  Time since last request: 131.338975 seconds.
  path: Assets/Scripts/Invader.cs
  artifactKey: Guid(1cd738c57bf63964c88ce62ac95a78b1) Importer(815301076,1909f56bfc062723c751e8b465ee728b)
Start importing Assets/Scripts/Invader.cs using Guid(1cd738c57bf63964c88ce62ac95a78b1) Importer(815301076,1909f56bfc062723c751e8b465ee728b)  -> (artifact id: '521feab357c94458beddd0c322e3f02c') in 0.010001 seconds
  Import took 0.013096 seconds .

========================================================================
Received Import Request.
  Time since last request: 0.000183 seconds.
  path: Assets/Scripts/Grape.cs
  artifactKey: Guid(6fc667509e7bd074290c42640bc0fbf0) Importer(815301076,1909f56bfc062723c751e8b465ee728b)
Start importing Assets/Scripts/Grape.cs using Guid(6fc667509e7bd074290c42640bc0fbf0) Importer(815301076,1909f56bfc062723c751e8b465ee728b)  -> (artifact id: '47fb97aae42996687c5c637b1dd931c0') in 0.002663 seconds
  Import took 0.005781 seconds .

========================================================================
Received Prepare
Registering precompiled user dll's ...
Registered in 0.004206 seconds.
Begin MonoManager ReloadAssembly
Native extension for WindowsStandalone target not found
Refreshing native plugins compatible for Editor in 0.42 ms, found 2 plugins.
Preloading 0 native plugins for Editor in 0.00 ms.
Mono: successfully reloaded assembly
- Completed reload, in  0.858 seconds
Platform modules already initialized, skipping
Refreshing native plugins compatible for Editor in 0.44 ms, found 2 plugins.
Preloading 0 native plugins for Editor in 0.00 ms.
Unloading 1837 Unused Serialized files (Serialized files now loaded: 0)
System memory in use before: 99.8 MB.
System memory in use after: 99.9 MB.

Unloading 15 unused Assets to reduce memory usage. Loaded Objects now: 2476.
Total: 2.539800 ms (FindLiveObjects: 0.240800 ms CreateObjectMapping: 0.044400 ms MarkObjects: 2.183000 ms  DeleteObjects: 0.070300 ms)

========================================================================
Received Import Request.
  Time since last request: 449.060109 seconds.
  path: Assets/Scripts/Invader.cs
  artifactKey: Guid(1cd738c57bf63964c88ce62ac95a78b1) Importer(815301076,1909f56bfc062723c751e8b465ee728b)
Start importing Assets/Scripts/Invader.cs using Guid(1cd738c57bf63964c88ce62ac95a78b1) Importer(815301076,1909f56bfc062723c751e8b465ee728b)  -> (artifact id: 'de632a69ea3f281e24b1e227096d8c21') in 0.005540 seconds
  Import took 0.008542 seconds .

========================================================================
Received Import Request.
  Time since last request: 4.652155 seconds.
  path: Assets/Scripts/MeleeAttack.cs
  artifactKey: Guid(f3d70c4deb589244a8e28eabe58f85bb) Importer(815301076,1909f56bfc062723c751e8b465ee728b)
Start importing Assets/Scripts/MeleeAttack.cs using Guid(f3d70c4deb589244a8e28eabe58f85bb) Importer(815301076,1909f56bfc062723c751e8b465ee728b)  -> (artifact id: '8a9019da02a5cc56de6295cf25abcdbe') in 0.008009 seconds
  Import took 0.011275 seconds .

========================================================================
Received Import Request.
  Time since last request: 0.307621 seconds.
  path: Assets/Scripts/Invader2.cs
  artifactKey: Guid(ac75c9e8c5deb1644886ee4c20632d7c) Importer(815301076,1909f56bfc062723c751e8b465ee728b)
Start importing Assets/Scripts/Invader2.cs using Guid(ac75c9e8c5deb1644886ee4c20632d7c) Importer(815301076,1909f56bfc062723c751e8b465ee728b)  -> (artifact id: 'a552831724e44e9d090ec8377d773c2f') in 0.007075 seconds
  Import took 0.010098 seconds .

========================================================================
Received Import Request.
  Time since last request: 0.238530 seconds.
  path: Assets/Scripts/Invader1.cs
  artifactKey: Guid(cff0f2a0cc315c64aa0a21d3aab24b4b) Importer(815301076,1909f56bfc062723c751e8b465ee728b)
Start importing Assets/Scripts/Invader1.cs using Guid(cff0f2a0cc315c64aa0a21d3aab24b4b) Importer(815301076,1909f56bfc062723c751e8b465ee728b)  -> (artifact id: 'cea0cf05b01e05a65471a038a0d4ac66') in 0.002936 seconds
  Import took 0.006104 seconds .

========================================================================
Received Import Request.
  Time since last request: 0.001380 seconds.
  path: Assets/Scripts/Invader1.cs
  artifactKey: Guid(cff0f2a0cc315c64aa0a21d3aab24b4b) Importer(815301076,1909f56bfc062723c751e8b465ee728b)
Start importing Assets/Scripts/Invader1.cs using Guid(cff0f2a0cc315c64aa0a21d3aab24b4b) Importer(815301076,1909f56bfc062723c751e8b465ee728b)  -> (artifact id: 'cea0cf05b01e05a65471a038a0d4ac66') in 0.002918 seconds
  Import took 0.006059 seconds .

========================================================================
Received Import Request.
  Time since last request: 1.161821 seconds.
  path: Assets/Scripts/PlayerInfo.cs
  artifactKey: Guid(43ee500a3e8fbfc4b8d4957b91860dbe) Importer(815301076,1909f56bfc062723c751e8b465ee728b)
Start importing Assets/Scripts/PlayerInfo.cs using Guid(43ee500a3e8fbfc4b8d4957b91860dbe) Importer(815301076,1909f56bfc062723c751e8b465ee728b)  -> (artifact id: '8f3e8b7ccfe528b226ba1c724e92ebf9') in 0.002920 seconds
  Import took 0.005907 seconds .

========================================================================
Received Import Request.
  Time since last request: 0.000863 seconds.
  path: Assets/Scripts/PlayerInfo.cs
  artifactKey: Guid(43ee500a3e8fbfc4b8d4957b91860dbe) Importer(815301076,1909f56bfc062723c751e8b465ee728b)
Start importing Assets/Scripts/PlayerInfo.cs using Guid(43ee500a3e8fbfc4b8d4957b91860dbe) Importer(815301076,1909f56bfc062723c751e8b465ee728b)  -> (artifact id: '8f3e8b7ccfe528b226ba1c724e92ebf9') in 0.002573 seconds
  Import took 0.005321 seconds .

========================================================================
Received Prepare
Registering precompiled user dll's ...
Registered in 0.004016 seconds.
Begin MonoManager ReloadAssembly
Native extension for WindowsStandalone target not found
Refreshing native plugins compatible for Editor in 0.62 ms, found 2 plugins.
Preloading 0 native plugins for Editor in 0.00 ms.
Mono: successfully reloaded assembly
- Completed reload, in  1.029 seconds
Platform modules already initialized, skipping
Refreshing native plugins compatible for Editor in 0.44 ms, found 2 plugins.
Preloading 0 native plugins for Editor in 0.00 ms.
Unloading 1837 Unused Serialized files (Serialized files now loaded: 0)
System memory in use before: 99.8 MB.
System memory in use after: 99.9 MB.

Unloading 15 unused Assets to reduce memory usage. Loaded Objects now: 2479.
Total: 2.239000 ms (FindLiveObjects: 0.225200 ms CreateObjectMapping: 0.049300 ms MarkObjects: 1.889800 ms  DeleteObjects: 0.073700 ms)

========================================================================
Received Prepare
Registering precompiled user dll's ...
Registered in 0.003964 seconds.
Begin MonoManager ReloadAssembly
Native extension for WindowsStandalone target not found
Refreshing native plugins compatible for Editor in 0.46 ms, found 2 plugins.
Preloading 0 native plugins for Editor in 0.00 ms.
Mono: successfully reloaded assembly
- Completed reload, in  0.879 seconds
Platform modules already initialized, skipping
Refreshing native plugins compatible for Editor in 0.45 ms, found 2 plugins.
Preloading 0 native plugins for Editor in 0.00 ms.
Unloading 1837 Unused Serialized files (Serialized files now loaded: 0)
System memory in use before: 99.9 MB.
System memory in use after: 99.9 MB.

Unloading 15 unused Assets to reduce memory usage. Loaded Objects now: 2482.
Total: 2.353400 ms (FindLiveObjects: 0.225200 ms CreateObjectMapping: 0.043300 ms MarkObjects: 2.005400 ms  DeleteObjects: 0.078400 ms)

========================================================================
Received Import Request.
  Time since last request: 131.032222 seconds.
  path: Assets/Scenes/Menu.unity
  artifactKey: Guid(2fc09cd48acdb304e969556ccd8010d0) Importer(815301076,1909f56bfc062723c751e8b465ee728b)
Start importing Assets/Scenes/Menu.unity using Guid(2fc09cd48acdb304e969556ccd8010d0) Importer(815301076,1909f56bfc062723c751e8b465ee728b)  -> (artifact id: 'fcb3070005631d1a81edc77853c44a29') in 0.020139 seconds
  Import took 0.023283 seconds .

========================================================================
Received Prepare
Registering precompiled user dll's ...
Registered in 0.003827 seconds.
Begin MonoManager ReloadAssembly
Native extension for WindowsStandalone target not found
Refreshing native plugins compatible for Editor in 0.43 ms, found 2 plugins.
Preloading 0 native plugins for Editor in 0.00 ms.
Mono: successfully reloaded assembly
- Completed reload, in  0.852 seconds
Platform modules already initialized, skipping
Refreshing native plugins compatible for Editor in 0.46 ms, found 2 plugins.
Preloading 0 native plugins for Editor in 0.00 ms.
Unloading 1837 Unused Serialized files (Serialized files now loaded: 0)
System memory in use before: 99.9 MB.
System memory in use after: 100.0 MB.

Unloading 15 unused Assets to reduce memory usage. Loaded Objects now: 2485.
Total: 2.282700 ms (FindLiveObjects: 0.237400 ms CreateObjectMapping: 0.044200 ms MarkObjects: 1.934300 ms  DeleteObjects: 0.065500 ms)

AssetImportWorkerClient::OnTransportError - code=2 error=End of file
